07/02 13:46:00 EasyPHP EasyPHP Démarrage des serveurs
07/02 13:46:01 EasyPHP Apache CreateProcess "C:\PROGRA~2\EasyPHP\Apache\bin\apache.exe"
07/02 13:46:01 EasyPHP CreateProcess "C:\PROGRA~2\EasyPHP\MySql\bin\mysqld.exe --defaults-file="C:\PROGRA~2\EasyPHP\MySql\my.ini" --language=french"
07/02 13:46:06 EasyPHP EasyPHP &Vérifier la version
07/02 13:51:21 EasyPHP EasyPHP Arret des serveurs
07/02 13:51:21 EasyPHP Apache stop event: ap2912_shutdown
07/02 13:51:21 EasyPHP MySqlSutdown event = MySQLShutdown512
07/02 13:51:21 EasyPHP End EasyPHP...
14/03 15:56:11 EasyPHP EasyPHP Démarrage des serveurs
14/03 15:56:13 EasyPHP Apache CreateProcess "C:\PROGRA~2\EasyPHP\Apache\bin\apache.exe"
14/03 15:56:13 EasyPHP CreateProcess "C:\PROGRA~2\EasyPHP\MySql\bin\mysqld.exe --defaults-file="C:\PROGRA~2\EasyPHP\MySql\my.ini" --language=french"
14/03 15:56:18 EasyPHP EasyPHP &Vérifier la version
14/03 15:58:16 EasyPHP EasyPHP Arret des serveurs
14/03 15:58:16 EasyPHP Apache stop event: ap4700_shutdown
14/03 15:58:17 EasyPHP MySqlSutdown event = MySQLShutdown4328
14/03 16:56:40 EasyPHP EasyPHP Arret des serveurs
14/03 16:56:40 EasyPHP End EasyPHP...
20/03 13:26:33 EasyPHP EasyPHP Démarrage des serveurs
20/03 13:26:34 EasyPHP Apache CreateProcess "C:\PROGRA~2\EasyPHP\Apache\bin\apache.exe"
20/03 13:26:34 EasyPHP CreateProcess "C:\PROGRA~2\EasyPHP\MySql\bin\mysqld.exe --defaults-file="C:\PROGRA~2\EasyPHP\MySql\my.ini" --language=french"
20/03 13:26:39 EasyPHP EasyPHP &Vérifier la version
20/03 13:26:54 EasyPHP Apache  Le fichier de configuration a été modifié
20/03 13:26:54 EasyPHP Apache restart event: ap5044_restart
20/03 14:50:05 EasyPHP EasyPHP Arret des serveurs
20/03 14:50:05 EasyPHP Apache stop event: ap5044_shutdown
20/03 14:50:05 EasyPHP Apache::StopExe stop event ap5044_shutdown fail : 2
20/03 14:50:06 EasyPHP MySqlSutdown event = MySQLShutdown5516
20/03 14:50:06 EasyPHP MySqlSutdown event open fail = 2
30/03 08:13:41 EasyPHP EasyPHP Démarrage des serveurs
30/03 08:13:44 EasyPHP Apache CreateProcess "C:\PROGRA~2\EasyPHP\Apache\bin\apache.exe"
30/03 08:13:44 EasyPHP CreateProcess "C:\PROGRA~2\EasyPHP\MySql\bin\mysqld.exe --defaults-file="C:\PROGRA~2\EasyPHP\MySql\my.ini" --language=french"
30/03 08:13:49 EasyPHP EasyPHP &Vérifier la version
30/03 08:15:03 EasyPHP EasyPHP Arret des serveurs
30/03 08:15:03 EasyPHP Apache stop event: ap4804_shutdown
30/03 08:15:04 EasyPHP MySqlSutdown event = MySQLShutdown3780
30/03 11:54:34 EasyPHP EasyPHP Arret des serveurs
06/04 08:14:55 EasyPHP EasyPHP Démarrage des serveurs
06/04 08:14:57 EasyPHP Apache CreateProcess "C:\PROGRA~2\EasyPHP\Apache\bin\apache.exe"
06/04 08:14:57 EasyPHP CreateProcess "C:\PROGRA~2\EasyPHP\MySql\bin\mysqld.exe --defaults-file="C:\PROGRA~2\EasyPHP\MySql\my.ini" --language=french"
06/04 08:15:02 EasyPHP EasyPHP &Vérifier la version
06/04 08:15:20 EasyPHP OnExplore : C:\PROGRA~2\EasyPHP\www
06/04 08:15:27 EasyPHP OnExplore : C:\PROGRA~2\EasyPHP\www
06/04 08:16:15 EasyPHP OnExplore : C:\PROGRA~2\EasyPHP\www
06/04 09:30:32 EasyPHP OnExplore : C:\PROGRA~2\EasyPHP\www
06/04 10:20:20 EasyPHP EasyPHP Arret des serveurs
06/04 10:20:20 EasyPHP Apache stop event: ap6040_shutdown
06/04 10:20:20 EasyPHP Apache::StopExe stop event ap6040_shutdown fail : 2
06/04 10:20:21 EasyPHP MySqlSutdown event = MySQLShutdown2184
06/04 10:20:21 EasyPHP MySqlSutdown event open fail = 2
24/04 13:29:27 EasyPHP EasyPHP Démarrage des serveurs
24/04 13:29:29 EasyPHP Apache CreateProcess "C:\PROGRA~2\EasyPHP\Apache\bin\apache.exe"
24/04 13:29:29 EasyPHP CreateProcess "C:\PROGRA~2\EasyPHP\MySql\bin\mysqld.exe --defaults-file="C:\PROGRA~2\EasyPHP\MySql\my.ini" --language=french"
24/04 13:29:34 EasyPHP EasyPHP &Vérifier la version
24/04 14:46:45 EasyPHP EasyPHP Arret des serveurs
24/04 14:46:45 EasyPHP Apache stop event: ap5936_shutdown
24/04 14:46:46 EasyPHP MySqlSutdown event = MySQLShutdown4412
24/04 14:46:46 EasyPHP End EasyPHP...
25/04 08:40:09 EasyPHP EasyPHP Démarrage des serveurs
25/04 08:40:11 EasyPHP Apache CreateProcess "C:\PROGRA~2\EasyPHP\Apache\bin\apache.exe"
25/04 08:40:11 EasyPHP CreateProcess "C:\PROGRA~2\EasyPHP\MySql\bin\mysqld.exe --defaults-file="C:\PROGRA~2\EasyPHP\MySql\my.ini" --language=french"
25/04 08:40:16 EasyPHP EasyPHP &Vérifier la version
25/04 08:40:52 EasyPHP OnExplore : C:\PROGRA~2\EasyPHP\www
25/04 08:47:51 EasyPHP OnExplore : C:\PROGRA~2\EasyPHP\www
25/04 08:54:02 EasyPHP Apache  Le fichier de configuration a été modifié
25/04 08:54:02 EasyPHP Apache restart event: ap2596_restart
25/04 08:54:13 EasyPHP EasyPHP Redemarrage des serveurs
25/04 08:54:14 EasyPHP Apache restart event: ap2596_restart
25/04 08:54:14 EasyPHP MySqlSutdown event = MySQLShutdown4608
25/04 08:54:15 EasyPHP CreateProcess "C:\PROGRA~2\EasyPHP\MySql\bin\mysqld.exe --defaults-file="C:\PROGRA~2\EasyPHP\MySql\my.ini" --language=french"
25/04 15:23:18 EasyPHP EasyPHP Arret des serveurs
25/04 15:23:18 EasyPHP Apache stop event: ap2596_shutdown
25/04 15:23:19 EasyPHP MySqlSutdown event = MySQLShutdown3944
25/04 15:23:19 EasyPHP End EasyPHP...
18/10 13:16:47 EasyPHP EasyPHP Démarrage des serveurs
18/10 13:16:48 EasyPHP Apache CreateProcess "C:\PROGRA~2\EasyPHP\Apache\bin\apache.exe"
18/10 13:16:48 EasyPHP CreateProcess "C:\PROGRA~2\EasyPHP\MySql\bin\mysqld.exe --defaults-file="C:\PROGRA~2\EasyPHP\MySql\my.ini" --language=french"
18/10 13:16:54 EasyPHP EasyPHP &Vérifier la version
18/10 16:59:11 EasyPHP EasyPHP Arret des serveurs
18/10 16:59:11 EasyPHP Apache stop event: ap2612_shutdown
18/10 16:59:11 EasyPHP Apache::StopExe stop event ap2612_shutdown fail : 2
18/10 16:59:12 EasyPHP MySqlSutdown event = MySQLShutdown5540
18/10 16:59:12 EasyPHP MySqlSutdown event open fail = 2
12/11 08:23:53 EasyPHP EasyPHP Démarrage des serveurs
12/11 08:23:54 EasyPHP Apache CreateProcess "C:\PROGRA~2\EasyPHP\Apache\bin\apache.exe"
12/11 08:23:54 EasyPHP CreateProcess "C:\PROGRA~2\EasyPHP\MySql\bin\mysqld.exe --defaults-file="C:\PROGRA~2\EasyPHP\MySql\my.ini" --language=french"
12/11 08:23:59 EasyPHP EasyPHP &Vérifier la version
12/11 08:35:59 EasyPHP OnExplore : C:\PROGRA~2\EasyPHP\www
12/11 11:57:30 EasyPHP EasyPHP Arret des serveurs
12/11 11:57:30 EasyPHP Apache stop event: ap5264_shutdown
12/11 11:57:30 EasyPHP Apache::StopExe stop event ap5264_shutdown fail : 2
12/11 11:57:31 EasyPHP MySqlSutdown event = MySQLShutdown5100
12/11 11:57:31 EasyPHP MySqlSutdown event open fail = 2
15/11 15:22:19 EasyPHP EasyPHP Démarrage des serveurs
15/11 15:22:20 EasyPHP Apache CreateProcess "C:\PROGRA~2\EasyPHP\Apache\bin\apache.exe"
15/11 15:22:20 EasyPHP CreateProcess "C:\PROGRA~2\EasyPHP\MySql\bin\mysqld.exe --defaults-file="C:\PROGRA~2\EasyPHP\MySql\my.ini" --language=french"
15/11 15:22:25 EasyPHP EasyPHP &Vérifier la version
15/11 16:50:26 EasyPHP EasyPHP Arret des serveurs
15/11 16:50:26 EasyPHP Apache stop event: ap2976_shutdown
15/11 16:50:26 EasyPHP Apache::StopExe stop event ap2976_shutdown fail : 2
15/11 16:50:27 EasyPHP MySqlSutdown event = MySQLShutdown6084
15/11 16:50:27 EasyPHP MySqlSutdown event open fail = 2
20/11 09:19:26 EasyPHP EasyPHP Démarrage des serveurs
20/11 09:19:27 EasyPHP Apache CreateProcess "C:\PROGRA~2\EasyPHP\Apache\bin\apache.exe"
20/11 09:19:27 EasyPHP CreateProcess "C:\PROGRA~2\EasyPHP\MySql\bin\mysqld.exe --defaults-file="C:\PROGRA~2\EasyPHP\MySql\my.ini" --language=french"
20/11 09:19:32 EasyPHP EasyPHP &Vérifier la version
20/11 09:46:53 EasyPHP OnExplore : C:\PROGRA~2\EasyPHP\www
20/11 11:58:46 EasyPHP EasyPHP Arret des serveurs
20/11 11:58:46 EasyPHP Apache stop event: ap5116_shutdown
20/11 11:58:46 EasyPHP Apache::StopExe stop event ap5116_shutdown fail : 2
20/11 11:58:46 EasyPHP MySqlSutdown event = MySQLShutdown4624
20/11 11:58:46 EasyPHP MySqlSutdown event open fail = 2
29/11 16:49:12 EasyPHP EasyPHP Démarrage des serveurs
29/11 16:49:13 EasyPHP Apache CreateProcess "C:\PROGRA~2\EasyPHP\Apache\bin\apache.exe"
29/11 16:49:13 EasyPHP CreateProcess "C:\PROGRA~2\EasyPHP\MySql\bin\mysqld.exe --defaults-file="C:\PROGRA~2\EasyPHP\MySql\my.ini" --language=french"
29/11 16:49:18 EasyPHP EasyPHP &Vérifier la version
29/11 16:49:25 EasyPHP OnExplore : C:\PROGRA~2\EasyPHP\www
29/11 16:50:30 EasyPHP OnExplore : C:\PROGRA~2\EasyPHP\www
29/11 16:56:16 EasyPHP EasyPHP Arret des serveurs
29/11 16:56:16 EasyPHP Apache stop event: ap4828_shutdown
29/11 16:56:16 EasyPHP Apache::StopExe stop event ap4828_shutdown fail : 2
29/11 16:56:17 EasyPHP MySqlSutdown event = MySQLShutdown4552
29/11 16:56:17 EasyPHP MySqlSutdown event open fail = 2
03/12 08:19:34 EasyPHP EasyPHP Démarrage des serveurs
03/12 08:19:35 EasyPHP Apache CreateProcess "C:\PROGRA~2\EasyPHP\Apache\bin\apache.exe"
03/12 08:19:35 EasyPHP CreateProcess "C:\PROGRA~2\EasyPHP\MySql\bin\mysqld.exe --defaults-file="C:\PROGRA~2\EasyPHP\MySql\my.ini" --language=french"
03/12 08:19:40 EasyPHP EasyPHP &Vérifier la version
03/12 11:51:32 EasyPHP EasyPHP Arret des serveurs
03/12 11:51:32 EasyPHP Apache stop event: ap3688_shutdown
03/12 11:51:32 EasyPHP Apache::StopExe stop event ap3688_shutdown fail : 2
03/12 11:51:32 EasyPHP MySqlSutdown event = MySQLShutdown4352
03/12 11:51:32 EasyPHP MySqlSutdown event open fail = 2
04/12 10:39:13 EasyPHP EasyPHP Démarrage des serveurs
04/12 10:39:14 EasyPHP Apache CreateProcess "C:\PROGRA~2\EasyPHP\Apache\bin\apache.exe"
04/12 10:39:14 EasyPHP CreateProcess "C:\PROGRA~2\EasyPHP\MySql\bin\mysqld.exe --defaults-file="C:\PROGRA~2\EasyPHP\MySql\my.ini" --language=french"
04/12 10:39:19 EasyPHP EasyPHP &Vérifier la version
04/12 10:39:25 EasyPHP OnExplore : C:\PROGRA~2\EasyPHP\www
04/12 11:59:13 EasyPHP EasyPHP Arret des serveurs
04/12 11:59:13 EasyPHP Apache stop event: ap5484_shutdown
04/12 11:59:13 EasyPHP Apache::StopExe stop event ap5484_shutdown fail : 2
04/12 11:59:14 EasyPHP MySqlSutdown event = MySQLShutdown4780
04/12 11:59:14 EasyPHP MySqlSutdown event open fail = 2
28/03 08:08:16 EasyPHP EasyPHP Démarrage des serveurs
28/03 08:08:17 EasyPHP Apache CreateProcess "C:\PROGRA~2\EasyPHP\Apache\bin\apache.exe"
28/03 08:08:17 EasyPHP CreateProcess "C:\PROGRA~2\EasyPHP\MySql\bin\mysqld.exe --defaults-file="C:\PROGRA~2\EasyPHP\MySql\my.ini" --language=french"
28/03 08:08:22 EasyPHP EasyPHP &Vérifier la version
28/03 08:11:43 EasyPHP OnExplore : C:\PROGRA~2\EasyPHP\www
28/03 11:52:00 EasyPHP MySql   MySql s'est terminé de façon inattendue !
28/03 11:52:00 EasyPHP EasyPHP Arret des serveurs
28/03 11:52:00 EasyPHP Apache stop event: ap1432_shutdown
28/03 11:52:00 EasyPHP Apache::StopExe stop event ap1432_shutdown fail : 2
28/03 11:52:01 EasyPHP End EasyPHP...
04/04 08:02:16 EasyPHP EasyPHP Démarrage des serveurs
04/04 08:02:18 EasyPHP Apache CreateProcess "C:\PROGRA~2\EasyPHP\Apache\bin\apache.exe"
04/04 08:02:18 EasyPHP CreateProcess "C:\PROGRA~2\EasyPHP\MySql\bin\mysqld.exe --defaults-file="C:\PROGRA~2\EasyPHP\MySql\my.ini" --language=french"
04/04 08:02:23 EasyPHP EasyPHP &Vérifier la version
04/04 08:07:45 EasyPHP OnExplore : C:\PROGRA~2\EasyPHP\www
04/04 08:10:47 EasyPHP OnExplore : C:\PROGRA~2\EasyPHP\www
04/04 08:40:36 EasyPHP OnExplore : C:\PROGRA~2\EasyPHP\www
04/04 10:58:30 EasyPHP OnExplore : C:\PROGRA~2\EasyPHP\www
04/04 11:51:41 EasyPHP OnExplore : C:\PROGRA~2\EasyPHP\www
04/04 11:52:10 EasyPHP EasyPHP Arret des serveurs
04/04 11:52:10 EasyPHP Apache stop event: ap4840_shutdown
04/04 11:52:10 EasyPHP Apache::StopExe stop event ap4840_shutdown fail : 2
04/04 11:52:11 EasyPHP MySqlSutdown event = MySQLShutdown5056
04/04 11:52:11 EasyPHP MySqlSutdown event open fail = 2
25/04 08:00:28 EasyPHP EasyPHP Démarrage des serveurs
25/04 08:00:29 EasyPHP Apache CreateProcess "C:\PROGRA~2\EasyPHP\Apache\bin\apache.exe"
25/04 08:00:29 EasyPHP CreateProcess "C:\PROGRA~2\EasyPHP\MySql\bin\mysqld.exe --defaults-file="C:\PROGRA~2\EasyPHP\MySql\my.ini" --language=french"
25/04 08:00:32 EasyPHP EasyPHP &Vérifier la version
25/04 08:04:34 EasyPHP OnExplore : C:\PROGRA~2\EasyPHP\www
25/04 08:08:40 EasyPHP OnExplore : C:\PROGRA~2\EasyPHP\www
25/04 11:15:53 EasyPHP OnExplore : C:\PROGRA~2\EasyPHP\www
25/04 11:53:14 EasyPHP EasyPHP Arret des serveurs
25/04 11:53:14 EasyPHP Apache stop event: ap4252_shutdown
25/04 11:53:14 EasyPHP Apache::StopExe stop event ap4252_shutdown fail : 2
25/04 11:53:15 EasyPHP MySqlSutdown event = MySQLShutdown2864
25/04 11:53:15 EasyPHP MySqlSutdown event open fail = 2
02/05 08:09:00 EasyPHP EasyPHP Démarrage des serveurs
02/05 08:09:04 EasyPHP Apache CreateProcess "C:\PROGRA~2\EasyPHP\Apache\bin\apache.exe"
02/05 08:09:04 EasyPHP CreateProcess "C:\PROGRA~2\EasyPHP\MySql\bin\mysqld.exe --defaults-file="C:\PROGRA~2\EasyPHP\MySql\my.ini" --language=french"
02/05 08:09:09 EasyPHP EasyPHP &Vérifier la version
02/05 08:09:18 EasyPHP OnExplore : C:\PROGRA~2\EasyPHP\www
02/05 08:51:39 EasyPHP EasyPHP Arret des serveurs
02/05 08:51:39 EasyPHP Apache stop event: ap3820_shutdown
02/05 08:51:39 EasyPHP Apache::StopExe stop event ap3820_shutdown fail : 2
02/05 08:51:40 EasyPHP MySqlSutdown event = MySQLShutdown3488
02/05 08:51:40 EasyPHP MySqlSutdown event open fail = 2
02/05 08:51:40 EasyPHP End EasyPHP...
02/05 09:41:05 EasyPHP EasyPHP Démarrage des serveurs
02/05 09:41:06 EasyPHP Apache CreateProcess "C:\PROGRA~2\EasyPHP\Apache\bin\apache.exe"
02/05 09:41:06 EasyPHP CreateProcess "C:\PROGRA~2\EasyPHP\MySql\bin\mysqld.exe --defaults-file="C:\PROGRA~2\EasyPHP\MySql\my.ini" --language=french"
02/05 09:41:11 EasyPHP EasyPHP &Vérifier la version
02/05 09:53:23 EasyPHP EasyPHP Arret des serveurs
02/05 09:53:23 EasyPHP Apache stop event: ap3504_shutdown
02/05 09:53:23 EasyPHP Apache::StopExe stop event ap3504_shutdown fail : 2
02/05 09:53:24 EasyPHP MySqlSutdown event = MySQLShutdown1380
02/05 09:53:24 EasyPHP MySqlSutdown event open fail = 2
06/05 14:05:26 EasyPHP EasyPHP Démarrage des serveurs
06/05 14:05:28 EasyPHP Apache CreateProcess "C:\PROGRA~2\EasyPHP\Apache\bin\apache.exe"
06/05 14:05:28 EasyPHP CreateProcess "C:\PROGRA~2\EasyPHP\MySql\bin\mysqld.exe --defaults-file="C:\PROGRA~2\EasyPHP\MySql\my.ini" --language=french"
06/05 14:05:32 EasyPHP OnExplore : C:\PROGRA~2\EasyPHP\www
06/05 14:05:32 EasyPHP EasyPHP &Vérifier la version
06/05 14:53:09 EasyPHP EasyPHP Arret des serveurs
06/05 14:53:09 EasyPHP Apache stop event: ap1708_shutdown
06/05 14:53:09 EasyPHP Apache::StopExe stop event ap1708_shutdown fail : 2
06/05 14:53:10 EasyPHP MySqlSutdown event = MySQLShutdown5724
06/05 14:53:10 EasyPHP MySqlSutdown event open fail = 2
14/10 08:59:14 EasyPHP EasyPHP Démarrage des serveurs
14/10 08:59:15 EasyPHP Apache CreateProcess "C:\PROGRA~2\EasyPHP\Apache\bin\apache.exe"
14/10 08:59:15 EasyPHP CreateProcess "C:\PROGRA~2\EasyPHP\MySql\bin\mysqld.exe --defaults-file="C:\PROGRA~2\EasyPHP\MySql\my.ini" --language=french"
14/10 08:59:20 EasyPHP EasyPHP &Vérifier la version
14/10 10:27:18 EasyPHP OnExplore : C:\PROGRA~2\EasyPHP\www
14/10 11:49:45 EasyPHP EasyPHP Arret des serveurs
14/10 11:49:45 EasyPHP Apache stop event: ap2384_shutdown
14/10 11:49:45 EasyPHP Apache::StopExe stop event ap2384_shutdown fail : 2
14/10 11:49:46 EasyPHP MySqlSutdown event = MySQLShutdown5112
14/10 11:49:46 EasyPHP MySqlSutdown event open fail = 2
04/11 08:16:23 EasyPHP EasyPHP Démarrage des serveurs
04/11 08:16:24 EasyPHP Apache CreateProcess "C:\PROGRA~2\EasyPHP\Apache\bin\apache.exe"
04/11 08:16:24 EasyPHP CreateProcess "C:\PROGRA~2\EasyPHP\MySql\bin\mysqld.exe --defaults-file="C:\PROGRA~2\EasyPHP\MySql\my.ini" --language=french"
04/11 08:16:29 EasyPHP EasyPHP &Vérifier la version
04/11 09:15:01 EasyPHP EasyPHP Redemarrage des serveurs
04/11 09:15:02 EasyPHP Apache restart event: ap5560_restart
04/11 09:15:02 EasyPHP MySqlSutdown event = MySQLShutdown4244
04/11 09:15:03 EasyPHP CreateProcess "C:\PROGRA~2\EasyPHP\MySql\bin\mysqld.exe --defaults-file="C:\PROGRA~2\EasyPHP\MySql\my.ini" --language=french"
04/11 09:18:01 EasyPHP EasyPHP Arret des serveurs
04/11 09:18:01 EasyPHP Apache stop event: ap5560_shutdown
04/11 09:18:02 EasyPHP MySqlSutdown event = MySQLShutdown5472
04/11 09:18:02 EasyPHP End EasyPHP...
04/11 09:18:03 EasyPHP EasyPHP Démarrage des serveurs
04/11 09:18:03 EasyPHP Apache CreateProcess "C:\PROGRA~2\EasyPHP\Apache\bin\apache.exe"
04/11 09:18:03 EasyPHP CreateProcess "C:\PROGRA~2\EasyPHP\MySql\bin\mysqld.exe --defaults-file="C:\PROGRA~2\EasyPHP\MySql\my.ini" --language=french"
04/11 09:18:08 EasyPHP EasyPHP &Vérifier la version
04/11 09:18:59 EasyPHP OnExplore : C:\PROGRA~2\EasyPHP\www
04/11 09:23:16 EasyPHP EasyPHP Redemarrage des serveurs
04/11 09:23:17 EasyPHP Apache restart event: ap6668_restart
04/11 09:23:17 EasyPHP MySqlSutdown event = MySQLShutdown6088
04/11 09:23:19 EasyPHP CreateProcess "C:\PROGRA~2\EasyPHP\MySql\bin\mysqld.exe --defaults-file="C:\PROGRA~2\EasyPHP\MySql\my.ini" --language=french"
04/11 09:42:00 EasyPHP EasyPHP Redemarrage des serveurs
04/11 09:42:00 EasyPHP Apache restart event: ap6668_restart
04/11 09:42:00 EasyPHP MySqlSutdown event = MySQLShutdown4896
04/11 09:42:01 EasyPHP CreateProcess "C:\PROGRA~2\EasyPHP\MySql\bin\mysqld.exe --defaults-file="C:\PROGRA~2\EasyPHP\MySql\my.ini" --language=french"
04/11 09:45:05 EasyPHP EasyPHP Redemarrage des serveurs
04/11 09:45:05 EasyPHP Apache restart event: ap6668_restart
04/11 09:45:05 EasyPHP MySqlSutdown event = MySQLShutdown3692
04/11 09:45:07 EasyPHP CreateProcess "C:\PROGRA~2\EasyPHP\MySql\bin\mysqld.exe --defaults-file="C:\PROGRA~2\EasyPHP\MySql\my.ini" --language=french"
04/11 11:22:00 EasyPHP EasyPHP Redemarrage des serveurs
04/11 11:22:00 EasyPHP Apache restart event: ap6668_restart
04/11 11:22:00 EasyPHP MySqlSutdown event = MySQLShutdown5612
04/11 11:22:02 EasyPHP CreateProcess "C:\PROGRA~2\EasyPHP\MySql\bin\mysqld.exe --defaults-file="C:\PROGRA~2\EasyPHP\MySql\my.ini" --language=french"
04/11 11:22:20 EasyPHP EasyPHP Redemarrage des serveurs
04/11 11:22:21 EasyPHP Apache restart event: ap6668_restart
04/11 11:22:21 EasyPHP MySqlSutdown event = MySQLShutdown6684
04/11 11:22:22 EasyPHP CreateProcess "C:\PROGRA~2\EasyPHP\MySql\bin\mysqld.exe --defaults-file="C:\PROGRA~2\EasyPHP\MySql\my.ini" --language=french"
04/11 11:26:36 EasyPHP EasyPHP Redemarrage des serveurs
04/11 11:26:37 EasyPHP Apache restart event: ap6668_restart
04/11 11:26:37 EasyPHP MySqlSutdown event = MySQLShutdown2820
04/11 11:26:39 EasyPHP CreateProcess "C:\PROGRA~2\EasyPHP\MySql\bin\mysqld.exe --defaults-file="C:\PROGRA~2\EasyPHP\MySql\my.ini" --language=french"
04/11 11:27:28 EasyPHP EasyPHP Redemarrage des serveurs
04/11 11:27:29 EasyPHP Apache restart event: ap6668_restart
04/11 11:27:29 EasyPHP MySqlSutdown event = MySQLShutdown6388
04/11 11:27:30 EasyPHP CreateProcess "C:\PROGRA~2\EasyPHP\MySql\bin\mysqld.exe --defaults-file="C:\PROGRA~2\EasyPHP\MySql\my.ini" --language=french"
04/11 11:52:29 EasyPHP EasyPHP Arret des serveurs
04/11 11:52:29 EasyPHP Apache stop event: ap6668_shutdown
04/11 11:52:29 EasyPHP Apache::StopExe stop event ap6668_shutdown fail : 2
04/11 11:52:30 EasyPHP MySqlSutdown event = MySQLShutdown6380
04/11 11:52:30 EasyPHP MySqlSutdown event open fail = 2
26/11 10:22:52 EasyPHP EasyPHP Démarrage des serveurs
26/11 10:22:53 EasyPHP Apache CreateProcess "C:\PROGRA~2\EasyPHP\Apache\bin\apache.exe"
26/11 10:22:53 EasyPHP CreateProcess "C:\PROGRA~2\EasyPHP\MySql\bin\mysqld.exe --defaults-file="C:\PROGRA~2\EasyPHP\MySql\my.ini" --language=french"
26/11 10:22:58 EasyPHP EasyPHP &Vérifier la version
26/11 10:25:28 EasyPHP OnExplore : C:\PROGRA~2\EasyPHP\www
26/11 10:42:27 EasyPHP OnExplore : C:\PROGRA~2\EasyPHP\www
26/11 11:59:18 EasyPHP EasyPHP Arret des serveurs
26/11 11:59:18 EasyPHP Apache stop event: ap6680_shutdown
26/11 11:59:18 EasyPHP Apache::StopExe stop event ap6680_shutdown fail : 2
26/11 11:59:19 EasyPHP MySqlSutdown event = MySQLShutdown6168
26/11 11:59:19 EasyPHP MySqlSutdown event open fail = 2
28/11 13:06:36 EasyPHP EasyPHP Démarrage des serveurs
28/11 13:06:37 EasyPHP Apache CreateProcess "C:\PROGRA~2\EasyPHP\Apache\bin\apache.exe"
28/11 13:06:37 EasyPHP CreateProcess "C:\PROGRA~2\EasyPHP\MySql\bin\mysqld.exe --defaults-file="C:\PROGRA~2\EasyPHP\MySql\my.ini" --language=french"
28/11 13:06:39 EasyPHP OnExplore : C:\PROGRA~2\EasyPHP\www
28/11 13:06:42 EasyPHP EasyPHP &Vérifier la version
28/11 16:53:44 EasyPHP EasyPHP Arret des serveurs
28/11 16:53:44 EasyPHP Apache stop event: ap4900_shutdown
28/11 16:53:44 EasyPHP Apache::StopExe stop event ap4900_shutdown fail : 2
28/11 16:53:45 EasyPHP MySqlSutdown event = MySQLShutdown4928
28/11 16:53:45 EasyPHP MySqlSutdown event open fail = 2
29/11 09:27:26 EasyPHP EasyPHP Démarrage des serveurs
29/11 09:27:27 EasyPHP Apache CreateProcess "C:\PROGRA~2\EasyPHP\Apache\bin\apache.exe"
29/11 09:27:27 EasyPHP CreateProcess "C:\PROGRA~2\EasyPHP\MySql\bin\mysqld.exe --defaults-file="C:\PROGRA~2\EasyPHP\MySql\my.ini" --language=french"
29/11 09:27:32 EasyPHP EasyPHP &Vérifier la version
29/11 11:45:27 EasyPHP EasyPHP Arret des serveurs
29/11 11:45:27 EasyPHP Apache stop event: ap5136_shutdown
29/11 11:45:27 EasyPHP Apache::StopExe stop event ap5136_shutdown fail : 2
29/11 11:45:28 EasyPHP MySqlSutdown event = MySQLShutdown5640
29/11 11:45:28 EasyPHP MySqlSutdown event open fail = 2
02/12 11:24:54 EasyPHP EasyPHP Démarrage des serveurs
02/12 11:24:56 EasyPHP Apache CreateProcess "C:\PROGRA~2\EasyPHP\Apache\bin\apache.exe"
02/12 11:24:56 EasyPHP CreateProcess "C:\PROGRA~2\EasyPHP\MySql\bin\mysqld.exe --defaults-file="C:\PROGRA~2\EasyPHP\MySql\my.ini" --language=french"
02/12 11:24:59 EasyPHP OnExplore : C:\PROGRA~2\EasyPHP\www
02/12 11:25:01 EasyPHP EasyPHP &Vérifier la version
02/12 11:43:51 EasyPHP EasyPHP Arret des serveurs
02/12 11:43:51 EasyPHP Apache stop event: ap5548_shutdown
02/12 11:43:51 EasyPHP Apache::StopExe stop event ap5548_shutdown fail : 2
02/12 11:43:52 EasyPHP MySqlSutdown event = MySQLShutdown3200
02/12 11:43:52 EasyPHP MySqlSutdown event open fail = 2
03/12 08:07:35 EasyPHP EasyPHP Démarrage des serveurs
03/12 08:07:37 EasyPHP Apache CreateProcess "C:\PROGRA~2\EasyPHP\Apache\bin\apache.exe"
03/12 08:07:37 EasyPHP CreateProcess "C:\PROGRA~2\EasyPHP\MySql\bin\mysqld.exe --defaults-file="C:\PROGRA~2\EasyPHP\MySql\my.ini" --language=french"
03/12 08:07:40 EasyPHP OnExplore : C:\PROGRA~2\EasyPHP\www
03/12 08:07:42 EasyPHP EasyPHP &Vérifier la version
03/12 11:34:11 EasyPHP EasyPHP Arret des serveurs
03/12 11:34:11 EasyPHP Apache stop event: ap4256_shutdown
03/12 11:34:11 EasyPHP Apache::StopExe stop event ap4256_shutdown fail : 2
03/12 11:34:12 EasyPHP MySqlSutdown event = MySQLShutdown5952
03/12 11:34:12 EasyPHP MySqlSutdown event open fail = 2
09/12 09:34:39 EasyPHP EasyPHP Démarrage des serveurs
09/12 09:34:40 EasyPHP Apache CreateProcess "C:\PROGRA~2\EasyPHP\Apache\bin\apache.exe"
09/12 09:34:40 EasyPHP CreateProcess "C:\PROGRA~2\EasyPHP\MySql\bin\mysqld.exe --defaults-file="C:\PROGRA~2\EasyPHP\MySql\my.ini" --language=french"
09/12 09:34:45 EasyPHP EasyPHP &Vérifier la version
09/12 09:35:04 EasyPHP OnExplore : C:\PROGRA~2\EasyPHP\www
09/12 11:42:06 EasyPHP EasyPHP Arret des serveurs
09/12 11:42:06 EasyPHP Apache stop event: ap5880_shutdown
09/12 11:42:06 EasyPHP Apache::StopExe stop event ap5880_shutdown fail : 2
09/12 11:42:07 EasyPHP MySqlSutdown event = MySQLShutdown5908
09/12 11:42:07 EasyPHP MySqlSutdown event open fail = 2
10/12 09:03:04 EasyPHP EasyPHP Démarrage des serveurs
10/12 09:03:06 EasyPHP Apache CreateProcess "C:\PROGRA~2\EasyPHP\Apache\bin\apache.exe"
10/12 09:03:06 EasyPHP CreateProcess "C:\PROGRA~2\EasyPHP\MySql\bin\mysqld.exe --defaults-file="C:\PROGRA~2\EasyPHP\MySql\my.ini" --language=english"
10/12 09:03:11 EasyPHP EasyPHP &Vérifier la version
10/12 09:04:57 EasyPHP OnExplore : C:\PROGRA~2\EasyPHP\www
10/12 11:57:20 EasyPHP EasyPHP Arret des serveurs
10/12 11:57:20 EasyPHP Apache stop event: ap5744_shutdown
10/12 11:57:20 EasyPHP Apache::StopExe stop event ap5744_shutdown fail : 2
10/12 11:57:21 EasyPHP MySqlSutdown event = MySQLShutdown6020
10/12 11:57:21 EasyPHP MySqlSutdown event open fail = 2
12/12 13:17:44 EasyPHP EasyPHP Démarrage des serveurs
12/12 13:17:45 EasyPHP Apache CreateProcess "C:\PROGRA~2\EasyPHP\Apache\bin\apache.exe"
12/12 13:17:45 EasyPHP CreateProcess "C:\PROGRA~2\EasyPHP\MySql\bin\mysqld.exe --defaults-file="C:\PROGRA~2\EasyPHP\MySql\my.ini" --language=french"
12/12 13:17:50 EasyPHP EasyPHP &Vérifier la version
12/12 13:17:59 EasyPHP OnExplore : C:\PROGRA~2\EasyPHP\www
12/12 16:06:00 EasyPHP OnExplore : C:\PROGRA~2\EasyPHP\www
12/12 16:49:05 EasyPHP EasyPHP Arret des serveurs
12/12 16:49:05 EasyPHP Apache stop event: ap5576_shutdown
12/12 16:49:05 EasyPHP Apache::StopExe stop event ap5576_shutdown fail : 2
12/12 16:49:06 EasyPHP MySqlSutdown event = MySQLShutdown2764
12/12 16:49:06 EasyPHP MySqlSutdown event open fail = 2
13/12 08:17:04 EasyPHP EasyPHP Démarrage des serveurs
13/12 08:17:08 EasyPHP Apache CreateProcess "C:\PROGRA~2\EasyPHP\Apache\bin\apache.exe"
13/12 08:17:08 EasyPHP CreateProcess "C:\PROGRA~2\EasyPHP\MySql\bin\mysqld.exe --defaults-file="C:\PROGRA~2\EasyPHP\MySql\my.ini" --language=french"
13/12 08:17:13 EasyPHP EasyPHP &Vérifier la version
13/12 11:18:36 EasyPHP EasyPHP Arret des serveurs
13/12 11:18:36 EasyPHP Apache stop event: ap2516_shutdown
13/12 11:18:36 EasyPHP Apache::StopExe stop event ap2516_shutdown fail : 2
13/12 11:18:37 EasyPHP MySqlSutdown event = MySQLShutdown4584
13/12 11:18:37 EasyPHP MySqlSutdown event open fail = 2
19/12 15:30:39 EasyPHP EasyPHP Démarrage des serveurs
19/12 15:30:40 EasyPHP Apache CreateProcess "C:\PROGRA~2\EasyPHP\Apache\bin\apache.exe"
19/12 15:30:40 EasyPHP CreateProcess "C:\PROGRA~2\EasyPHP\MySql\bin\mysqld.exe --defaults-file="C:\PROGRA~2\EasyPHP\MySql\my.ini" --language=french"
19/12 15:30:45 EasyPHP EasyPHP &Vérifier la version
19/12 16:15:27 EasyPHP OnExplore : C:\PROGRA~2\EasyPHP\www
19/12 16:34:53 EasyPHP OnExplore : C:\PROGRA~2\EasyPHP\www
19/12 16:56:01 EasyPHP EasyPHP Arret des serveurs
19/12 16:56:01 EasyPHP Apache stop event: ap4412_shutdown
19/12 16:56:01 EasyPHP Apache::StopExe stop event ap4412_shutdown fail : 2
19/12 16:56:02 EasyPHP MySqlSutdown event = MySQLShutdown3096
19/12 16:56:02 EasyPHP MySqlSutdown event open fail = 2
20/12 09:12:33 EasyPHP EasyPHP Démarrage des serveurs
20/12 09:12:34 EasyPHP Apache CreateProcess "C:\PROGRA~2\EasyPHP\Apache\bin\apache.exe"
20/12 09:12:34 EasyPHP CreateProcess "C:\PROGRA~2\EasyPHP\MySql\bin\mysqld.exe --defaults-file="C:\PROGRA~2\EasyPHP\MySql\my.ini" --language=french"
20/12 09:12:39 EasyPHP EasyPHP &Vérifier la version
20/12 11:50:46 EasyPHP EasyPHP Arret des serveurs
20/12 11:50:46 EasyPHP Apache stop event: ap4220_shutdown
20/12 11:50:46 EasyPHP Apache::StopExe stop event ap4220_shutdown fail : 2
20/12 11:50:47 EasyPHP MySqlSutdown event = MySQLShutdown5844
20/12 11:50:47 EasyPHP MySqlSutdown event open fail = 2
06/01 08:15:07 EasyPHP EasyPHP Démarrage des serveurs
06/01 08:15:08 EasyPHP Apache CreateProcess "C:\PROGRA~2\EasyPHP\Apache\bin\apache.exe"
06/01 08:15:08 EasyPHP CreateProcess "C:\PROGRA~2\EasyPHP\MySql\bin\mysqld.exe --defaults-file="C:\PROGRA~2\EasyPHP\MySql\my.ini" --language=french"
06/01 08:15:13 EasyPHP EasyPHP &Vérifier la version
06/01 09:17:30 EasyPHP EasyPHP Redemarrage des serveurs
06/01 09:17:31 EasyPHP Apache restart event: ap3268_restart
06/01 09:17:31 EasyPHP MySqlSutdown event = MySQLShutdown1884
06/01 09:17:32 EasyPHP CreateProcess "C:\PROGRA~2\EasyPHP\MySql\bin\mysqld.exe --defaults-file="C:\PROGRA~2\EasyPHP\MySql\my.ini" --language=french"
06/01 11:49:35 EasyPHP EasyPHP Arret des serveurs
06/01 11:49:35 EasyPHP Apache stop event: ap3268_shutdown
06/01 11:49:35 EasyPHP Apache::StopExe stop event ap3268_shutdown fail : 2
06/01 11:49:35 EasyPHP MySqlSutdown event = MySQLShutdown6472
06/01 11:49:35 EasyPHP MySqlSutdown event open fail = 2
07/01 08:24:01 EasyPHP EasyPHP Démarrage des serveurs
07/01 08:24:02 EasyPHP Apache CreateProcess "C:\PROGRA~2\EasyPHP\Apache\bin\apache.exe"
07/01 08:24:02 EasyPHP CreateProcess "C:\PROGRA~2\EasyPHP\MySql\bin\mysqld.exe --defaults-file="C:\PROGRA~2\EasyPHP\MySql\my.ini" --language=french"
07/01 08:24:07 EasyPHP EasyPHP &Vérifier la version
07/01 11:46:37 EasyPHP EasyPHP Arret des serveurs
07/01 11:46:38 EasyPHP Apache stop event: ap4376_shutdown
07/01 11:46:38 EasyPHP Apache::StopExe stop event ap4376_shutdown fail : 2
07/01 11:46:38 EasyPHP MySqlSutdown event = MySQLShutdown760
07/01 11:46:38 EasyPHP MySqlSutdown event open fail = 2
09/01 13:08:36 EasyPHP EasyPHP Démarrage des serveurs
09/01 13:08:37 EasyPHP Apache CreateProcess "C:\PROGRA~2\EasyPHP\Apache\bin\apache.exe"
09/01 13:08:37 EasyPHP CreateProcess "C:\PROGRA~2\EasyPHP\MySql\bin\mysqld.exe --defaults-file="C:\PROGRA~2\EasyPHP\MySql\my.ini" --language=french"
09/01 13:08:42 EasyPHP EasyPHP &Vérifier la version
09/01 16:50:49 EasyPHP EasyPHP Arret des serveurs
09/01 16:50:49 EasyPHP Apache stop event: ap2168_shutdown
09/01 16:50:49 EasyPHP Apache::StopExe stop event ap2168_shutdown fail : 2
09/01 16:50:50 EasyPHP MySqlSutdown event = MySQLShutdown3748
09/01 16:50:50 EasyPHP MySqlSutdown event open fail = 2
09/01 16:50:50 EasyPHP End EasyPHP...
10/01 08:38:00 EasyPHP EasyPHP Démarrage des serveurs
10/01 08:38:01 EasyPHP Apache CreateProcess "C:\PROGRA~2\EasyPHP\Apache\bin\apache.exe"
10/01 08:38:01 EasyPHP CreateProcess "C:\PROGRA~2\EasyPHP\MySql\bin\mysqld.exe --defaults-file="C:\PROGRA~2\EasyPHP\MySql\my.ini" --language=french"
10/01 08:38:06 EasyPHP EasyPHP &Vérifier la version
10/01 11:49:13 EasyPHP EasyPHP Arret des serveurs
10/01 11:49:13 EasyPHP Apache stop event: ap4488_shutdown
10/01 11:49:13 EasyPHP Apache::StopExe stop event ap4488_shutdown fail : 2
10/01 11:49:14 EasyPHP MySqlSutdown event = MySQLShutdown4216
10/01 11:49:14 EasyPHP MySqlSutdown event open fail = 2
13/01 09:54:00 EasyPHP EasyPHP Démarrage des serveurs
13/01 09:54:01 EasyPHP Apache CreateProcess "C:\PROGRA~2\EasyPHP\Apache\bin\apache.exe"
13/01 09:54:01 EasyPHP CreateProcess "C:\PROGRA~2\EasyPHP\MySql\bin\mysqld.exe --defaults-file="C:\PROGRA~2\EasyPHP\MySql\my.ini" --language=french"
13/01 09:54:06 EasyPHP EasyPHP &Vérifier la version
13/01 09:54:36 EasyPHP OnExplore : C:\PROGRA~2\EasyPHP\www
13/01 10:27:39 EasyPHP OnExplore : C:\PROGRA~2\EasyPHP\www
13/01 10:51:19 EasyPHP OnExplore : C:\PROGRA~2\EasyPHP\www
13/01 11:49:42 EasyPHP EasyPHP Arret des serveurs
13/01 11:49:42 EasyPHP Apache stop event: ap6140_shutdown
13/01 11:49:42 EasyPHP Apache::StopExe stop event ap6140_shutdown fail : 2
13/01 11:49:43 EasyPHP MySqlSutdown event = MySQLShutdown5108
13/01 11:49:43 EasyPHP MySqlSutdown event open fail = 2
13/01 15:12:51 EasyPHP EasyPHP Démarrage des serveurs
13/01 15:12:52 EasyPHP Apache CreateProcess "C:\PROGRA~2\EasyPHP\Apache\bin\apache.exe"
13/01 15:12:52 EasyPHP CreateProcess "C:\PROGRA~2\EasyPHP\MySql\bin\mysqld.exe --defaults-file="C:\PROGRA~2\EasyPHP\MySql\my.ini" --language=french"
13/01 15:12:57 EasyPHP EasyPHP &Vérifier la version
13/01 16:47:00 EasyPHP OnExplore : C:\PROGRA~2\EasyPHP\www
13/01 16:48:53 EasyPHP EasyPHP Arret des serveurs
13/01 16:48:53 EasyPHP Apache stop event: ap4800_shutdown
13/01 16:48:53 EasyPHP Apache::StopExe stop event ap4800_shutdown fail : 2
13/01 16:48:53 EasyPHP MySqlSutdown event = MySQLShutdown4824
13/01 16:48:53 EasyPHP MySqlSutdown event open fail = 2
27/01 10:21:52 EasyPHP EasyPHP Démarrage des serveurs
27/01 10:22:02 EasyPHP Apache CreateProcess "C:\PROGRA~2\EasyPHP\Apache\bin\apache.exe"
27/01 10:22:02 EasyPHP CreateProcess "C:\PROGRA~2\EasyPHP\MySql\bin\mysqld.exe --defaults-file="C:\PROGRA~2\EasyPHP\MySql\my.ini" --language=french"
27/01 10:22:07 EasyPHP OnExplore : C:\PROGRA~2\EasyPHP\www
27/01 10:22:07 EasyPHP EasyPHP &Vérifier la version
27/01 10:26:09 EasyPHP OnExplore : C:\PROGRA~2\EasyPHP\www
27/01 11:18:34 EasyPHP OnExplore : C:\PROGRA~2\EasyPHP\www
27/01 11:49:49 EasyPHP EasyPHP Arret des serveurs
27/01 11:49:49 EasyPHP Apache stop event: ap3640_shutdown
27/01 11:49:49 EasyPHP Apache::StopExe stop event ap3640_shutdown fail : 2
27/01 11:49:50 EasyPHP MySqlSutdown event = MySQLShutdown5600
27/01 11:49:50 EasyPHP MySqlSutdown event open fail = 2
27/01 15:16:08 EasyPHP EasyPHP Démarrage des serveurs
27/01 15:16:09 EasyPHP Apache CreateProcess "C:\PROGRA~2\EasyPHP\Apache\bin\apache.exe"
27/01 15:16:09 EasyPHP CreateProcess "C:\PROGRA~2\EasyPHP\MySql\bin\mysqld.exe --defaults-file="C:\PROGRA~2\EasyPHP\MySql\my.ini" --language=french"
27/01 15:16:14 EasyPHP EasyPHP &Vérifier la version
27/01 15:24:52 EasyPHP OnExplore : C:\PROGRA~2\EasyPHP\www
27/01 16:49:57 EasyPHP EasyPHP Arret des serveurs
27/01 16:49:57 EasyPHP Apache stop event: ap5412_shutdown
27/01 16:49:57 EasyPHP Apache::StopExe stop event ap5412_shutdown fail : 2
27/01 16:49:58 EasyPHP MySqlSutdown event = MySQLShutdown5444
27/01 16:49:58 EasyPHP MySqlSutdown event open fail = 2
31/01 10:24:10 EasyPHP EasyPHP Démarrage des serveurs
31/01 10:24:15 EasyPHP Apache CreateProcess "C:\PROGRA~2\EasyPHP\Apache\bin\apache.exe"
31/01 10:24:15 EasyPHP CreateProcess "C:\PROGRA~2\EasyPHP\MySql\bin\mysqld.exe --defaults-file="C:\PROGRA~2\EasyPHP\MySql\my.ini" --language=french"
31/01 10:24:20 EasyPHP EasyPHP &Vérifier la version
31/01 10:25:13 EasyPHP OnExplore : C:\PROGRA~2\EasyPHP\www
31/01 11:53:34 EasyPHP EasyPHP Arret des serveurs
31/01 11:53:34 EasyPHP Apache stop event: ap5068_shutdown
31/01 11:53:34 EasyPHP Apache::StopExe stop event ap5068_shutdown fail : 2
31/01 11:53:34 EasyPHP MySqlSutdown event = MySQLShutdown4228
31/01 11:53:34 EasyPHP MySqlSutdown event open fail = 2
03/02 08:04:14 EasyPHP EasyPHP Démarrage des serveurs
03/02 08:04:16 EasyPHP Apache CreateProcess "C:\PROGRA~2\EasyPHP\Apache\bin\apache.exe"
03/02 08:04:16 EasyPHP CreateProcess "C:\PROGRA~2\EasyPHP\MySql\bin\mysqld.exe --defaults-file="C:\PROGRA~2\EasyPHP\MySql\my.ini" --language=french"
03/02 08:04:21 EasyPHP EasyPHP &Vérifier la version
03/02 08:04:47 EasyPHP OnExplore : C:\PROGRA~2\EasyPHP\www
03/02 09:40:05 EasyPHP OnExplore : C:\PROGRA~2\EasyPHP\www
03/02 11:31:01 EasyPHP OnExplore : C:\PROGRA~2\EasyPHP\www
03/02 11:50:59 EasyPHP EasyPHP Arret des serveurs
03/02 11:50:59 EasyPHP Apache stop event: ap1392_shutdown
03/02 11:50:59 EasyPHP Apache::StopExe stop event ap1392_shutdown fail : 2
03/02 11:51:00 EasyPHP MySqlSutdown event = MySQLShutdown3500
03/02 11:51:00 EasyPHP MySqlSutdown event open fail = 2
03/02 15:32:32 EasyPHP EasyPHP Démarrage des serveurs
03/02 15:32:33 EasyPHP Apache CreateProcess "C:\PROGRA~2\EasyPHP\Apache\bin\apache.exe"
03/02 15:32:33 EasyPHP CreateProcess "C:\PROGRA~2\EasyPHP\MySql\bin\mysqld.exe --defaults-file="C:\PROGRA~2\EasyPHP\MySql\my.ini" --language=french"
03/02 15:32:38 EasyPHP EasyPHP &Vérifier la version
03/02 15:32:47 EasyPHP OnExplore : C:\PROGRA~2\EasyPHP\www
03/02 16:51:18 EasyPHP EasyPHP Arret des serveurs
03/02 16:51:18 EasyPHP Apache stop event: ap5884_shutdown
03/02 16:51:18 EasyPHP Apache::StopExe stop event ap5884_shutdown fail : 2
03/02 16:51:19 EasyPHP MySqlSutdown event = MySQLShutdown5740
03/02 16:51:19 EasyPHP MySqlSutdown event open fail = 2
07/02 08:16:28 EasyPHP EasyPHP Démarrage des serveurs
07/02 08:16:32 EasyPHP Apache CreateProcess "C:\PROGRA~2\EasyPHP\Apache\bin\apache.exe"
07/02 08:16:32 EasyPHP CreateProcess "C:\PROGRA~2\EasyPHP\MySql\bin\mysqld.exe --defaults-file="C:\PROGRA~2\EasyPHP\MySql\my.ini" --language=french"
07/02 08:16:35 EasyPHP OnExplore : C:\PROGRA~2\EasyPHP\www
07/02 08:16:37 EasyPHP EasyPHP &Vérifier la version
07/02 08:35:46 EasyPHP OnExplore : C:\PROGRA~2\EasyPHP\www
07/02 11:49:00 EasyPHP EasyPHP Démarrage des serveurs
07/02 11:49:01 EasyPHP Apache CreateProcess "C:\PROGRA~2\EasyPHP\Apache\bin\apache.exe"
07/02 11:49:01 EasyPHP CreateProcess "C:\PROGRA~2\EasyPHP\MySql\bin\mysqld.exe --defaults-file="C:\PROGRA~2\EasyPHP\MySql\my.ini" --language=french"
07/02 11:49:06 EasyPHP EasyPHP &Vérifier la version
07/02 11:56:58 EasyPHP OnExplore : C:\PROGRA~2\EasyPHP\www
07/02 11:58:40 EasyPHP EasyPHP Arret des serveurs
07/02 11:58:40 EasyPHP Apache stop event: ap5988_shutdown
07/02 11:58:40 EasyPHP Apache::StopExe stop event ap5988_shutdown fail : 2
07/02 11:58:41 EasyPHP MySqlSutdown event = MySQLShutdown6028
07/02 11:58:41 EasyPHP MySqlSutdown event open fail = 2
10/02 08:00:14 EasyPHP EasyPHP Démarrage des serveurs
10/02 08:00:16 EasyPHP CreateProcess "C:\PROGRA~2\EasyPHP\MySql\bin\mysqld.exe --defaults-file="C:\PROGRA~2\EasyPHP\MySql\my.ini" --language=french"
10/02 08:00:16 EasyPHP Apache CreateProcess "C:\PROGRA~2\EasyPHP\Apache\bin\apache.exe"
10/02 08:00:20 EasyPHP OnExplore : C:\PROGRA~2\EasyPHP\www
10/02 08:00:21 EasyPHP EasyPHP &Vérifier la version
10/02 08:02:49 EasyPHP EasyPHP Arret des serveurs
10/02 08:02:49 EasyPHP Apache stop event: ap4648_shutdown
10/02 08:02:49 EasyPHP Apache::StopExe stop event ap4648_shutdown fail : 2
10/02 08:02:50 EasyPHP MySqlSutdown event = MySQLShutdown4672
10/02 08:02:50 EasyPHP MySqlSutdown event open fail = 2
10/02 15:56:43 EasyPHP EasyPHP Démarrage des serveurs
10/02 15:56:44 EasyPHP Apache CreateProcess "C:\PROGRA~2\EasyPHP\Apache\bin\apache.exe"
10/02 15:56:44 EasyPHP CreateProcess "C:\PROGRA~2\EasyPHP\MySql\bin\mysqld.exe --defaults-file="C:\PROGRA~2\EasyPHP\MySql\my.ini" --language=french"
10/02 15:56:49 EasyPHP EasyPHP &Vérifier la version
10/02 16:03:28 EasyPHP OnExplore : C:\PROGRA~2\EasyPHP\www
10/02 16:49:05 EasyPHP EasyPHP Arret des serveurs
10/02 16:49:05 EasyPHP Apache stop event: ap6072_shutdown
10/02 16:49:05 EasyPHP Apache::StopExe stop event ap6072_shutdown fail : 2
10/02 16:49:05 EasyPHP MySqlSutdown event = MySQLShutdown6124
10/02 16:49:05 EasyPHP MySqlSutdown event open fail = 2
02/03 11:26:28 EasyPHP EasyPHP Démarrage des serveurs
02/03 11:26:30 EasyPHP Apache CreateProcess "C:\PROGRA~2\EasyPHP\Apache\bin\apache.exe"
02/03 11:26:30 EasyPHP CreateProcess "C:\PROGRA~2\EasyPHP\MySql\bin\mysqld.exe --defaults-file="C:\PROGRA~2\EasyPHP\MySql\my.ini" --language=french"
02/03 11:26:35 EasyPHP EasyPHP &Vérifier la version
02/03 11:26:47 EasyPHP OnExplore : C:\PROGRA~2\EasyPHP\www
02/03 11:50:17 EasyPHP EasyPHP Arret des serveurs
02/03 11:50:17 EasyPHP Apache stop event: ap5984_shutdown
02/03 11:50:17 EasyPHP Apache::StopExe stop event ap5984_shutdown fail : 2
02/03 11:50:18 EasyPHP MySqlSutdown event = MySQLShutdown6868
02/03 11:50:18 EasyPHP MySqlSutdown event open fail = 2
02/03 11:50:18 EasyPHP End EasyPHP...
06/03 08:14:14 EasyPHP EasyPHP Démarrage des serveurs
06/03 08:14:16 EasyPHP Apache CreateProcess "C:\PROGRA~2\EasyPHP\Apache\bin\apache.exe"
06/03 08:14:16 EasyPHP CreateProcess "C:\PROGRA~2\EasyPHP\MySql\bin\mysqld.exe --defaults-file="C:\PROGRA~2\EasyPHP\MySql\my.ini" --language=french"
06/03 08:14:21 EasyPHP EasyPHP &Vérifier la version
06/03 08:14:32 EasyPHP OnExplore : C:\PROGRA~2\EasyPHP\www
06/03 11:57:34 EasyPHP EasyPHP Arret des serveurs
06/03 11:57:34 EasyPHP Apache stop event: ap1516_shutdown
06/03 11:57:34 EasyPHP Apache::StopExe stop event ap1516_shutdown fail : 2
06/03 11:57:35 EasyPHP MySqlSutdown event = MySQLShutdown5236
06/03 11:57:35 EasyPHP MySqlSutdown event open fail = 2
09/03 08:37:42 EasyPHP EasyPHP Démarrage des serveurs
09/03 08:37:43 EasyPHP Apache CreateProcess "C:\PROGRA~2\EasyPHP\Apache\bin\apache.exe"
09/03 08:37:43 EasyPHP CreateProcess "C:\PROGRA~2\EasyPHP\MySql\bin\mysqld.exe --defaults-file="C:\PROGRA~2\EasyPHP\MySql\my.ini" --language=french"
09/03 08:37:48 EasyPHP OnExplore : C:\PROGRA~2\EasyPHP\www
09/03 08:37:48 EasyPHP EasyPHP &Vérifier la version
09/03 11:53:13 EasyPHP EasyPHP Arret des serveurs
09/03 11:53:13 EasyPHP Apache stop event: ap4744_shutdown
09/03 11:53:13 EasyPHP Apache::StopExe stop event ap4744_shutdown fail : 2
09/03 11:53:14 EasyPHP MySqlSutdown event = MySQLShutdown1444
09/03 11:53:14 EasyPHP MySqlSutdown event open fail = 2
09/03 15:10:19 EasyPHP EasyPHP Démarrage des serveurs
09/03 15:10:20 EasyPHP Apache CreateProcess "C:\PROGRA~2\EasyPHP\Apache\bin\apache.exe"
09/03 15:10:20 EasyPHP CreateProcess "C:\PROGRA~2\EasyPHP\MySql\bin\mysqld.exe --defaults-file="C:\PROGRA~2\EasyPHP\MySql\my.ini" --language=french"
09/03 15:10:25 EasyPHP EasyPHP &Vérifier la version
09/03 15:11:25 EasyPHP OnExplore : C:\PROGRA~2\EasyPHP\www
15/03 22:18:29 EasyPHP EasyPHP Removable drive: Regenerate conf files...
15/03 22:18:29 EasyPHP EasyPHP Démarrage des serveurs
15/03 22:18:30 EasyPHP Apache  Le port d'Apache2.2 (80) est occupé par "D:\EasyPHP-Devserver-17\eds-binaries\httpserver\apache2425vc11x86x200127200525\bin\eds-httpserver.exe" (eds-httpserver.exe) !
15/03 22:18:32 EasyPHP MySql   Le port d'MySQL (3306) est occupé par "" (eds-dbserver.exe) !
15/03 22:18:34 EasyPHP EasyPHP Arret des serveurs
15/03 22:18:34 EasyPHP End EasyPHP...
15/03 22:18:36 EasyPHP EasyPHP Removable drive: Regenerate conf files...
15/03 22:18:36 EasyPHP EasyPHP Démarrage des serveurs
15/03 22:18:37 EasyPHP Apache  Le port d'Apache2.2 (80) est occupé par "D:\EasyPHP-Devserver-17\eds-binaries\httpserver\apache2425vc11x86x200127200525\bin\eds-httpserver.exe" (eds-httpserver.exe) !
15/03 22:18:39 EasyPHP MySql   Le port d'MySQL (3306) est occupé par "" (eds-dbserver.exe) !
15/03 22:18:46 EasyPHP EasyPHP &Vérifier la version
15/03 22:18:49 EasyPHP MySql   Le port d'MySQL (3306) est occupé par "" (eds-dbserver.exe) !
15/03 22:18:55 EasyPHP EasyPHP Arret des serveurs
15/03 22:18:55 EasyPHP End EasyPHP...
15/03 22:19:08 EasyPHP EasyPHP Removable drive: Regenerate conf files...
15/03 22:19:08 EasyPHP EasyPHP Démarrage des serveurs
15/03 22:19:09 EasyPHP Apache CreateProcess "G:\Saucisse\EasyPHP\Apache\bin\apache.exe"
15/03 22:19:09 EasyPHP CreateProcess "G:\Saucisse\EasyPHP\MySql\bin\mysqld.exe --defaults-file="G:\Saucisse\EasyPHP\MySql\my.ini" --language=french"
15/03 22:19:14 EasyPHP EasyPHP &Vérifier la version
15/03 22:19:23 EasyPHP OnExplore : G:\Saucisse\EasyPHP\www
15/03 22:29:02 EasyPHP EasyPHP Arret des serveurs
15/03 22:29:02 EasyPHP Apache stop event: ap4076_shutdown
15/03 22:29:02 EasyPHP MySqlSutdown event = MySQLShutdown11664
15/03 22:29:02 EasyPHP End EasyPHP...
19/03 11:59:54 EasyPHP EasyPHP Removable drive: Regenerate conf files...
19/03 11:59:54 EasyPHP EasyPHP Démarrage des serveurs
19/03 11:59:55 EasyPHP Apache  Le port d'Apache2.2 (80) est occupé par "D:\EasyPHP-Devserver-17\eds-binaries\httpserver\apache2425vc11x86x200127200525\bin\eds-httpserver.exe" (eds-httpserver.exe) !
19/03 11:59:58 EasyPHP MySql   Le port d'MySQL (3306) est occupé par "" (eds-dbserver.exe) !
19/03 12:00:02 EasyPHP EasyPHP Arret des serveurs
19/03 12:00:02 EasyPHP End EasyPHP...
19/03 12:00:46 EasyPHP EasyPHP Removable drive: Regenerate conf files...
19/03 12:00:46 EasyPHP EasyPHP Démarrage des serveurs
19/03 12:00:47 EasyPHP Apache CreateProcess "G:\Saucisse\EasyPHP\Apache\bin\apache.exe"
19/03 12:00:47 EasyPHP CreateProcess "G:\Saucisse\EasyPHP\MySql\bin\mysqld.exe --defaults-file="G:\Saucisse\EasyPHP\MySql\my.ini" --language=french"
19/03 12:00:52 EasyPHP EasyPHP &Vérifier la version
19/03 20:31:48 EasyPHP EasyPHP Arret des serveurs
19/03 20:31:48 EasyPHP Apache stop event: ap18856_shutdown
19/03 20:31:49 EasyPHP MySqlSutdown event = MySQLShutdown1068
19/03 20:31:49 EasyPHP End EasyPHP...
23/03 20:38:02 EasyPHP EasyPHP Removable drive: Regenerate conf files...
23/03 20:38:02 EasyPHP EasyPHP Démarrage des serveurs
23/03 20:38:03 EasyPHP Apache CreateProcess "G:\Saucisse\EasyPHP\Apache\bin\apache.exe"
23/03 20:38:03 EasyPHP CreateProcess "G:\Saucisse\EasyPHP\MySql\bin\mysqld.exe --defaults-file="G:\Saucisse\EasyPHP\MySql\my.ini" --language=french"
23/03 20:38:08 EasyPHP EasyPHP &Vérifier la version
23/03 23:10:53 EasyPHP EasyPHP Arret des serveurs
23/03 23:10:53 EasyPHP Apache stop event: ap17384_shutdown
23/03 23:10:53 EasyPHP MySqlSutdown event = MySQLShutdown4336
23/03 23:10:53 EasyPHP End EasyPHP...
30/03 14:12:17 EasyPHP EasyPHP Removable drive: Regenerate conf files...
30/03 14:12:17 EasyPHP EasyPHP Démarrage des serveurs
30/03 14:12:18 EasyPHP Apache CreateProcess "F:\Saucisse\EasyPHP\Apache\bin\apache.exe"
30/03 14:12:18 EasyPHP CreateProcess "F:\Saucisse\EasyPHP\MySql\bin\mysqld.exe --defaults-file="F:\Saucisse\EasyPHP\MySql\my.ini" --language=french"
30/03 14:12:23 EasyPHP EasyPHP &Vérifier la version
31/03 00:59:17 EasyPHP EasyPHP Arret des serveurs
31/03 00:59:17 EasyPHP Apache stop event: ap17268_shutdown
31/03 00:59:17 EasyPHP MySqlSutdown event = MySQLShutdown18084
31/03 00:59:17 EasyPHP MySqlSutdown event open fail = 2
31/03 00:59:18 EasyPHP End EasyPHP...
06/09 19:43:13 EasyPHP EasyPHP Removable drive: Regenerate conf files...
06/09 19:43:13 EasyPHP EasyPHP Démarrage des serveurs
06/09 19:43:14 EasyPHP Apache CreateProcess "F:\Saucisse\EasyPHP\Apache\bin\apache.exe"
06/09 19:43:14 EasyPHP CreateProcess "F:\Saucisse\EasyPHP\MySql\bin\mysqld.exe --defaults-file="F:\Saucisse\EasyPHP\MySql\my.ini" --language=french"
06/09 19:43:19 EasyPHP EasyPHP &Vérifier la version
06/09 19:59:17 EasyPHP OnExplore : F:\Saucisse\EasyPHP\www
13/11 16:41:29 EasyPHP EasyPHP Removable drive: Regenerate conf files...
13/11 16:41:29 EasyPHP EasyPHP Démarrage des serveurs
13/11 16:41:31 EasyPHP Apache CreateProcess "D:\Saucisse\EasyPHP\Apache\bin\apache.exe"
13/11 16:41:31 EasyPHP CreateProcess "D:\Saucisse\EasyPHP\MySql\bin\mysqld.exe --defaults-file="D:\Saucisse\EasyPHP\MySql\my.ini" --language=french"
13/11 16:41:36 EasyPHP EasyPHP &Vérifier la version
13/11 16:41:45 EasyPHP OnExplore : D:\Saucisse\EasyPHP\www
13/11 16:52:26 EasyPHP EasyPHP Arret des serveurs
13/11 16:52:26 EasyPHP Apache stop event: ap11396_shutdown
13/11 16:52:27 EasyPHP MySqlSutdown event = MySQLShutdown15036
13/11 16:52:27 EasyPHP MySqlSutdown event open fail = 2
13/11 16:52:27 EasyPHP End EasyPHP...
26/11 20:57:31 EasyPHP EasyPHP Removable drive: Regenerate conf files...
26/11 20:57:31 EasyPHP EasyPHP Démarrage des serveurs
26/11 20:57:32 EasyPHP Apache CreateProcess "H:\Saucisse\EasyPHP\Apache\bin\apache.exe"
26/11 20:57:32 EasyPHP CreateProcess "H:\Saucisse\EasyPHP\MySql\bin\mysqld.exe --defaults-file="H:\Saucisse\EasyPHP\MySql\my.ini" --language=french"
26/11 20:57:37 EasyPHP EasyPHP &Vérifier la version
26/11 21:14:25 EasyPHP EasyPHP Redemarrage des serveurs
26/11 21:14:25 EasyPHP Apache restart event: ap11980_restart
26/11 21:14:25 EasyPHP MySqlSutdown event = MySQLShutdown14696
26/11 21:14:26 EasyPHP CreateProcess "H:\Saucisse\EasyPHP\MySql\bin\mysqld.exe --defaults-file="H:\Saucisse\EasyPHP\MySql\my.ini" --language=french"
26/11 21:33:14 EasyPHP EasyPHP Redemarrage des serveurs
26/11 21:33:15 EasyPHP Apache restart event: ap11980_restart
26/11 21:33:15 EasyPHP MySqlSutdown event = MySQLShutdown2540
26/11 21:33:16 EasyPHP CreateProcess "H:\Saucisse\EasyPHP\MySql\bin\mysqld.exe --defaults-file="H:\Saucisse\EasyPHP\MySql\my.ini" --language=french"
26/11 22:09:18 EasyPHP EasyPHP Arret des serveurs
26/11 22:09:18 EasyPHP Apache stop event: ap11980_shutdown
26/11 22:09:19 EasyPHP MySqlSutdown event = MySQLShutdown17204
26/11 22:09:19 EasyPHP End EasyPHP...
26/11 22:11:31 EasyPHP EasyPHP Removable drive: Regenerate conf files...
26/11 22:11:31 EasyPHP EasyPHP Démarrage des serveurs
26/11 22:11:32 EasyPHP Apache CreateProcess "H:\Saucisse\EasyPHP\Apache\bin\apache.exe"
26/11 22:11:32 EasyPHP CreateProcess "H:\Saucisse\EasyPHP\MySql\bin\mysqld.exe --defaults-file="H:\Saucisse\EasyPHP\MySql\my.ini" --language=french"
26/11 22:11:37 EasyPHP EasyPHP &Vérifier la version
26/11 22:43:46 EasyPHP EasyPHP Arret des serveurs
26/11 22:43:46 EasyPHP Apache stop event: ap15068_shutdown
26/11 22:43:47 EasyPHP MySqlSutdown event = MySQLShutdown19604
26/11 22:43:47 EasyPHP End EasyPHP...
02/12 17:18:02 EasyPHP EasyPHP Removable drive: Regenerate conf files...
02/12 17:18:02 EasyPHP EasyPHP Démarrage des serveurs
02/12 17:18:03 EasyPHP Apache CreateProcess "H:\Saucisse\EasyPHP\Apache\bin\apache.exe"
02/12 17:18:03 EasyPHP CreateProcess "H:\Saucisse\EasyPHP\MySql\bin\mysqld.exe --defaults-file="H:\Saucisse\EasyPHP\MySql\my.ini" --language=french"
02/12 17:18:08 EasyPHP EasyPHP &Vérifier la version
06/03 16:29:13 EasyPHP EasyPHP Removable drive: Regenerate conf files...
06/03 16:29:13 EasyPHP EasyPHP Démarrage des serveurs
06/03 16:29:14 EasyPHP Apache CreateProcess "H:\Saucisse\EasyPHP\Apache\bin\apache.exe"
06/03 16:29:14 EasyPHP CreateProcess "H:\Saucisse\EasyPHP\MySql\bin\mysqld.exe --defaults-file="H:\Saucisse\EasyPHP\MySql\my.ini" --language=french"
06/03 16:29:19 EasyPHP EasyPHP &Vérifier la version
07/03 03:32:13 EasyPHP EasyPHP Arret des serveurs
07/03 03:32:13 EasyPHP Apache stop event: ap16312_shutdown
07/03 03:32:13 EasyPHP Apache::StopExe stop event ap16312_shutdown fail : 2
07/03 03:32:15 EasyPHP MySqlSutdown event = MySQLShutdown524
07/03 03:32:15 EasyPHP MySqlSutdown event open fail = 2
07/03 03:32:15 EasyPHP End EasyPHP...
07/03 16:15:41 EasyPHP EasyPHP Removable drive: Regenerate conf files...
07/03 16:15:41 EasyPHP EasyPHP Démarrage des serveurs
07/03 16:15:42 EasyPHP Apache CreateProcess "H:\Saucisse\EasyPHP\Apache\bin\apache.exe"
07/03 16:15:42 EasyPHP CreateProcess "H:\Saucisse\EasyPHP\MySql\bin\mysqld.exe --defaults-file="H:\Saucisse\EasyPHP\MySql\my.ini" --language=french"
07/03 16:15:47 EasyPHP EasyPHP &Vérifier la version
18/04 23:52:21 EasyPHP EasyPHP Removable drive: Regenerate conf files...
18/04 23:52:22 EasyPHP EasyPHP Démarrage des serveurs
18/04 23:52:23 EasyPHP Apache CreateProcess "H:\Saucisse\EasyPHP\Apache\bin\apache.exe"
18/04 23:52:23 EasyPHP CreateProcess "H:\Saucisse\EasyPHP\MySql\bin\mysqld.exe --defaults-file="H:\Saucisse\EasyPHP\MySql\my.ini" --language=french"
18/04 23:52:28 EasyPHP EasyPHP &Vérifier la version
19/04 01:11:20 EasyPHP EasyPHP Arret des serveurs
19/04 01:11:20 EasyPHP Apache stop event: ap31780_shutdown
19/04 01:11:21 EasyPHP MySqlSutdown event = MySQLShutdown28676
19/04 01:11:21 EasyPHP End EasyPHP...
09/11 15:06:10 EasyPHP EasyPHP Removable drive: Regenerate conf files...
09/11 15:06:10 EasyPHP EasyPHP Démarrage des serveurs
09/11 15:06:12 EasyPHP Apache CreateProcess "E:\Saucisse\EasyPHP\Apache\bin\apache.exe"
09/11 15:06:12 EasyPHP CreateProcess "E:\Saucisse\EasyPHP\MySql\bin\mysqld.exe --defaults-file="E:\Saucisse\EasyPHP\MySql\my.ini" --language=french"
09/11 15:06:17 EasyPHP EasyPHP &Vérifier la version
09/11 15:07:43 EasyPHP EasyPHP Removable drive: Regenerate conf files...
09/11 15:07:43 EasyPHP EasyPHP Démarrage des serveurs
09/11 15:07:45 EasyPHP Apache CreateProcess "F:\Saucisse\EasyPHP\Apache\bin\apache.exe"
09/11 15:07:45 EasyPHP CreateProcess "F:\Saucisse\EasyPHP\MySql\bin\mysqld.exe --defaults-file="F:\Saucisse\EasyPHP\MySql\my.ini" --language=french"
09/11 15:07:50 EasyPHP EasyPHP &Vérifier la version
09/11 15:24:06 EasyPHP EasyPHP Arret des serveurs
09/11 15:24:06 EasyPHP Apache stop event: ap11612_shutdown
09/11 15:24:07 EasyPHP MySqlSutdown event = MySQLShutdown13368
09/11 15:24:07 EasyPHP End EasyPHP...
09/11 15:41:55 EasyPHP EasyPHP Removable drive: Regenerate conf files...
09/11 15:41:56 EasyPHP EasyPHP Démarrage des serveurs
09/11 15:41:57 EasyPHP Apache CreateProcess "F:\Saucisse\EasyPHP\Apache\bin\apache.exe"
09/11 15:41:57 EasyPHP CreateProcess "F:\Saucisse\EasyPHP\MySql\bin\mysqld.exe --defaults-file="F:\Saucisse\EasyPHP\MySql\my.ini" --language=french"
09/11 15:42:02 EasyPHP EasyPHP &Vérifier la version
09/11 15:42:45 EasyPHP EasyPHP Removable drive: Regenerate conf files...
09/11 15:42:45 EasyPHP EasyPHP Démarrage des serveurs
09/11 15:42:46 EasyPHP Apache2.2 ServerBase::Start ScanProcess -> 11008
09/11 15:42:46 EasyPHP CreateProcess "E:\Saucisse\EasyPHP\MySql\bin\mysqld.exe --defaults-file="E:\Saucisse\EasyPHP\MySql\my.ini" --language=french"
09/11 15:42:51 EasyPHP EasyPHP &Vérifier la version
09/11 15:44:22 EasyPHP EasyPHP Arret des serveurs
09/11 15:44:22 EasyPHP Apache stop event: ap11008_shutdown
09/11 15:44:23 EasyPHP MySqlSutdown event = MySQLShutdown7028
09/11 15:44:23 EasyPHP End EasyPHP...
18/11 14:52:57 EasyPHP EasyPHP Removable drive: Regenerate conf files...
18/11 14:52:57 EasyPHP EasyPHP Démarrage des serveurs
18/11 14:52:58 EasyPHP Apache  Le port d'Apache2.2 (80) est occupé par "" (httpd.exe) !
18/11 14:53:00 EasyPHP MySql   Le port d'MySQL (3306) est occupé par "" (mysqld-nt.exe) !
18/11 14:53:06 EasyPHP EasyPHP &Vérifier la version
18/11 14:53:40 EasyPHP EasyPHP Arret des serveurs
18/11 14:53:40 EasyPHP End EasyPHP...
18/11 14:55:52 EasyPHP EasyPHP Removable drive: Regenerate conf files...
18/11 14:55:52 EasyPHP EasyPHP Démarrage des serveurs
18/11 14:55:52 EasyPHP Apache CreateProcess "E:\Saucisse\EasyPHP\Apache\bin\apache.exe"
18/11 14:55:52 EasyPHP CreateProcess "E:\Saucisse\EasyPHP\MySql\bin\mysqld.exe --defaults-file="E:\Saucisse\EasyPHP\MySql\my.ini" --language=french"
18/11 14:55:57 EasyPHP EasyPHP &Vérifier la version
18/11 14:58:42 EasyPHP EasyPHP Arret des serveurs
18/11 14:58:42 EasyPHP Apache stop event: ap9272_shutdown
18/11 14:58:42 EasyPHP MySqlSutdown event = MySQLShutdown10648
18/11 14:58:42 EasyPHP End EasyPHP...
18/11 15:00:47 EasyPHP EasyPHP Removable drive: Regenerate conf files...
18/11 15:00:47 EasyPHP EasyPHP Démarrage des serveurs
18/11 15:00:48 EasyPHP Apache CreateProcess "E:\Saucisse\EasyPHP\Apache\bin\apache.exe"
18/11 15:00:48 EasyPHP CreateProcess "E:\Saucisse\EasyPHP\MySql\bin\mysqld.exe --defaults-file="E:\Saucisse\EasyPHP\MySql\my.ini" --language=french"
18/11 15:00:53 EasyPHP EasyPHP &Vérifier la version
18/11 15:01:18 EasyPHP EasyPHP Arret des serveurs
18/11 15:01:18 EasyPHP Apache stop event: ap8564_shutdown
18/11 15:01:19 EasyPHP MySqlSutdown event = MySQLShutdown4864
18/11 15:01:19 EasyPHP End EasyPHP...
23/11 09:08:04 EasyPHP EasyPHP Removable drive: Regenerate conf files...
23/11 09:08:04 EasyPHP EasyPHP Démarrage des serveurs
23/11 09:08:05 EasyPHP Apache CreateProcess "E:\Saucisse\EasyPHP\Apache\bin\apache.exe"
23/11 09:08:05 EasyPHP CreateProcess "E:\Saucisse\EasyPHP\MySql\bin\mysqld.exe --defaults-file="E:\Saucisse\EasyPHP\MySql\my.ini" --language=french"
23/11 09:08:10 EasyPHP EasyPHP &Vérifier la version
23/11 09:49:23 EasyPHP Apache  Le fichier de configuration a été modifié
23/11 09:49:23 EasyPHP Apache restart event: ap16016_restart
23/11 09:49:53 EasyPHP Apache  Le fichier de configuration a été modifié
23/11 09:49:53 EasyPHP Apache restart event: ap16016_restart
23/11 09:50:23 EasyPHP EasyPHP Redemarrage des serveurs
23/11 09:50:24 EasyPHP Apache restart event: ap16016_restart
23/11 09:50:24 EasyPHP MySqlSutdown event = MySQLShutdown14084
23/11 09:50:26 EasyPHP CreateProcess "E:\Saucisse\EasyPHP\MySql\bin\mysqld.exe --defaults-file="E:\Saucisse\EasyPHP\MySql\my.ini" --language=french"
23/11 09:50:26 EasyPHP Apache  Le fichier de configuration a été modifié
23/11 09:50:26 EasyPHP Apache restart event: ap16016_restart
23/11 09:50:29 EasyPHP EasyPHP Redemarrage des serveurs
23/11 09:50:29 EasyPHP Apache restart event: ap16016_restart
23/11 09:50:29 EasyPHP MySqlSutdown event = MySQLShutdown19444
23/11 09:50:30 EasyPHP CreateProcess "E:\Saucisse\EasyPHP\MySql\bin\mysqld.exe --defaults-file="E:\Saucisse\EasyPHP\MySql\my.ini" --language=french"
23/11 09:51:37 EasyPHP EasyPHP Arret des serveurs
23/11 09:51:37 EasyPHP Apache stop event: ap16016_shutdown
23/11 09:51:38 EasyPHP MySqlSutdown event = MySQLShutdown17524
23/11 09:51:38 EasyPHP End EasyPHP...
23/11 09:51:49 EasyPHP EasyPHP Removable drive: Regenerate conf files...
23/11 09:51:49 EasyPHP EasyPHP Démarrage des serveurs
23/11 09:51:50 EasyPHP Apache CreateProcess "E:\Saucisse\EasyPHP\Apache\bin\apache.exe"
23/11 09:51:50 EasyPHP CreateProcess "E:\Saucisse\EasyPHP\MySql\bin\mysqld.exe --defaults-file="E:\Saucisse\EasyPHP\MySql\my.ini" --language=french"
23/11 09:51:55 EasyPHP EasyPHP &Vérifier la version
23/11 09:58:00 EasyPHP EasyPHP Redemarrage des serveurs
23/11 09:58:01 EasyPHP Apache restart event: ap17516_restart
23/11 09:58:01 EasyPHP MySqlSutdown event = MySQLShutdown9680
23/11 09:58:02 EasyPHP CreateProcess "E:\Saucisse\EasyPHP\MySql\bin\mysqld.exe --defaults-file="E:\Saucisse\EasyPHP\MySql\my.ini" --language=french"
23/11 11:35:32 EasyPHP EasyPHP Removable drive: Regenerate conf files...
23/11 11:35:32 EasyPHP EasyPHP Démarrage des serveurs
23/11 11:35:33 EasyPHP Apache2.2 ServerBase::Start ScanProcess -> 17516
23/11 11:35:33 EasyPHP CreateProcess "E:\Saucisse\EasyPHP\MySql\bin\mysqld.exe --defaults-file="E:\Saucisse\EasyPHP\MySql\my.ini" --language=french"
23/11 11:35:38 EasyPHP EasyPHP &Vérifier la version
23/11 11:36:55 EasyPHP OnExplore : E:\Saucisse\EasyPHP\www
23/11 11:41:09 EasyPHP EasyPHP Redemarrage des serveurs
23/11 11:41:09 EasyPHP Apache restart event: ap17516_restart
23/11 11:41:09 EasyPHP MySqlSutdown event = MySQLShutdown4548
23/11 11:41:10 EasyPHP CreateProcess "E:\Saucisse\EasyPHP\MySql\bin\mysqld.exe --defaults-file="E:\Saucisse\EasyPHP\MySql\my.ini" --language=french"
23/11 11:41:16 EasyPHP EasyPHP Arret des serveurs
23/11 11:41:16 EasyPHP Apache stop event: ap17516_shutdown
23/11 11:41:17 EasyPHP MySqlSutdown event = MySQLShutdown16436
23/11 11:41:49 EasyPHP EasyPHP Arret des serveurs
23/11 11:41:49 EasyPHP End EasyPHP...
23/11 11:41:50 EasyPHP EasyPHP Removable drive: Regenerate conf files...
23/11 11:41:50 EasyPHP EasyPHP Démarrage des serveurs
23/11 11:41:51 EasyPHP Apache2.2 ServerBase::Start ScanProcess -> 17516
23/11 11:41:51 EasyPHP CreateProcess "E:\Saucisse\EasyPHP\MySql\bin\mysqld.exe --defaults-file="E:\Saucisse\EasyPHP\MySql\my.ini" --language=french"
23/11 11:41:56 EasyPHP EasyPHP &Vérifier la version
23/11 12:03:57 EasyPHP EasyPHP Arret des serveurs
23/11 12:03:57 EasyPHP Apache stop event: ap17516_shutdown
23/11 12:03:58 EasyPHP MySqlSutdown event = MySQLShutdown17588
23/11 12:03:59 EasyPHP EasyPHP Arret des serveurs
23/11 12:03:59 EasyPHP End EasyPHP...
23/11 12:04:31 EasyPHP EasyPHP Removable drive: Regenerate conf files...
23/11 12:04:31 EasyPHP EasyPHP Démarrage des serveurs
23/11 12:04:32 EasyPHP Apache2.2 ServerBase::Start ScanProcess -> 17516
23/11 12:04:32 EasyPHP CreateProcess "E:\Saucisse\EasyPHP\MySql\bin\mysqld.exe --defaults-file="E:\Saucisse\EasyPHP\MySql\my.ini" --language=french"
23/11 12:04:37 EasyPHP EasyPHP &Vérifier la version
23/11 12:17:56 EasyPHP EasyPHP Arret des serveurs
23/11 12:17:56 EasyPHP Apache stop event: ap17516_shutdown
23/11 12:17:57 EasyPHP MySqlSutdown event = MySQLShutdown21148
23/11 12:17:57 EasyPHP End EasyPHP...
23/11 14:02:18 EasyPHP EasyPHP Removable drive: Regenerate conf files...
23/11 14:02:18 EasyPHP EasyPHP Démarrage des serveurs
23/11 14:02:19 EasyPHP Apache CreateProcess "E:\Saucisse\EasyPHP\Apache\bin\apache.exe"
23/11 14:02:19 EasyPHP CreateProcess "E:\Saucisse\EasyPHP\MySql\bin\mysqld.exe --defaults-file="E:\Saucisse\EasyPHP\MySql\my.ini" --language=french"
23/11 14:02:24 EasyPHP EasyPHP &Vérifier la version
23/11 16:00:55 EasyPHP EasyPHP Removable drive: Regenerate conf files...
23/11 16:00:55 EasyPHP EasyPHP Démarrage des serveurs
23/11 16:00:56 EasyPHP Apache2.2 ServerBase::Start ScanProcess -> 1944
23/11 16:00:56 EasyPHP MySQL ServerBase::Start ScanProcess -> 10832
23/11 16:01:01 EasyPHP EasyPHP &Vérifier la version
23/11 16:01:59 EasyPHP Apache  Apache s'est terminé de façon inattendue !
23/11 16:02:14 EasyPHP EasyPHP Arret des serveurs
23/11 16:02:14 EasyPHP MySqlSutdown event = MySQLShutdown10832
23/11 16:02:14 EasyPHP End EasyPHP...
23/11 16:02:19 EasyPHP EasyPHP Removable drive: Regenerate conf files...
23/11 16:02:19 EasyPHP EasyPHP Démarrage des serveurs
23/11 16:02:19 EasyPHP Apache CreateProcess "E:\Saucisse\EasyPHP\Apache\bin\apache.exe"
23/11 16:02:19 EasyPHP CreateProcess "E:\Saucisse\EasyPHP\MySql\bin\mysqld.exe --defaults-file="E:\Saucisse\EasyPHP\MySql\my.ini" --language=french"
23/11 16:02:24 EasyPHP EasyPHP &Vérifier la version
23/11 16:55:13 EasyPHP EasyPHP Arret des serveurs
23/11 16:55:13 EasyPHP Apache stop event: ap1312_shutdown
23/11 16:55:13 EasyPHP Apache::StopExe stop event ap1312_shutdown fail : 2
23/11 16:55:14 EasyPHP MySqlSutdown event = MySQLShutdown17932
23/11 16:55:14 EasyPHP MySqlSutdown event open fail = 2
23/11 16:55:14 EasyPHP End EasyPHP...
25/11 13:15:56 EasyPHP EasyPHP Removable drive: Regenerate conf files...
25/11 13:15:56 EasyPHP EasyPHP Démarrage des serveurs
25/11 13:15:57 EasyPHP Apache CreateProcess "E:\Saucisse\EasyPHP\Apache\bin\apache.exe"
25/11 13:15:57 EasyPHP CreateProcess "E:\Saucisse\EasyPHP\MySql\bin\mysqld.exe --defaults-file="E:\Saucisse\EasyPHP\MySql\my.ini" --language=french"
25/11 13:15:59 EasyPHP Apache  Apache s'est terminé de façon inattendue !
25/11 13:16:02 EasyPHP EasyPHP &Vérifier la version
25/11 14:00:55 EasyPHP OnExplore : E:\Saucisse\EasyPHP\www
25/11 14:01:01 EasyPHP EasyPHP Arret des serveurs
25/11 14:01:01 EasyPHP MySqlSutdown event = MySQLShutdown10120
25/11 14:01:01 EasyPHP End EasyPHP...
25/11 14:01:25 EasyPHP EasyPHP Removable drive: Regenerate conf files...
25/11 14:01:25 EasyPHP EasyPHP Démarrage des serveurs
25/11 14:01:25 EasyPHP Apache CreateProcess "E:\Saucisse\EasyPHP\Apache\bin\apache.exe"
25/11 14:01:25 EasyPHP CreateProcess "E:\Saucisse\EasyPHP\MySql\bin\mysqld.exe --defaults-file="E:\Saucisse\EasyPHP\MySql\my.ini" --language=french"
25/11 14:01:26 EasyPHP Apache  Apache s'est terminé de façon inattendue !
25/11 14:01:30 EasyPHP EasyPHP &Vérifier la version
25/11 14:01:49 EasyPHP EasyPHP Arret des serveurs
25/11 14:01:49 EasyPHP MySqlSutdown event = MySQLShutdown5240
25/11 14:01:49 EasyPHP End EasyPHP...
29/11 14:47:11 EasyPHP EasyPHP Removable drive: Regenerate conf files...
29/11 14:47:11 EasyPHP EasyPHP Démarrage des serveurs
29/11 14:47:12 EasyPHP Apache CreateProcess "E:\Saucisse\EasyPHP\Apache\bin\apache.exe"
29/11 14:47:12 EasyPHP CreateProcess "E:\Saucisse\EasyPHP\MySql\bin\mysqld.exe --defaults-file="E:\Saucisse\EasyPHP\MySql\my.ini" --language=french"
29/11 14:47:17 EasyPHP EasyPHP &Vérifier la version
30/11 09:14:40 EasyPHP EasyPHP Removable drive: Regenerate conf files...
30/11 09:14:40 EasyPHP EasyPHP Démarrage des serveurs
30/11 09:14:42 EasyPHP Apache CreateProcess "E:\Saucisse\EasyPHP\Apache\bin\apache.exe"
30/11 09:14:42 EasyPHP CreateProcess "E:\Saucisse\EasyPHP\MySql\bin\mysqld.exe --defaults-file="E:\Saucisse\EasyPHP\MySql\my.ini" --language=french"
30/11 09:14:44 EasyPHP Apache  Apache s'est terminé de façon inattendue !
30/11 09:14:47 EasyPHP EasyPHP &Vérifier la version
30/11 09:17:19 EasyPHP OnExplore : E:\Saucisse\EasyPHP\www
30/11 09:19:04 EasyPHP EasyPHP Arret des serveurs
30/11 09:19:04 EasyPHP MySqlSutdown event = MySQLShutdown16148
30/11 09:19:04 EasyPHP End EasyPHP...
30/11 09:26:12 EasyPHP EasyPHP Removable drive: Regenerate conf files...
30/11 09:26:12 EasyPHP EasyPHP Démarrage des serveurs
30/11 09:26:13 EasyPHP Apache CreateProcess "E:\Saucisse\EasyPHP\Apache\bin\apache.exe"
30/11 09:26:13 EasyPHP CreateProcess "E:\Saucisse\EasyPHP\MySql\bin\mysqld.exe --defaults-file="E:\Saucisse\EasyPHP\MySql\my.ini" --language=french"
30/11 09:26:14 EasyPHP Apache  Apache s'est terminé de façon inattendue !
30/11 09:26:18 EasyPHP EasyPHP &Vérifier la version
30/11 09:26:25 EasyPHP Extension php_bz2 present=no (3) available=no API=0
30/11 09:26:25 EasyPHP Extension php_curl present=no (3) available=no API=0
30/11 09:26:25 EasyPHP Extension php_fileinfo present=no (3) available=no API=0
30/11 09:26:25 EasyPHP Extension php_gd2 present=no (3) available=no API=0
30/11 09:26:25 EasyPHP Extension php_gettext present=no (3) available=no API=0
30/11 09:26:25 EasyPHP Extension php_gmp present=no (3) available=no API=0
30/11 09:26:25 EasyPHP Extension php_intl present=no (3) available=no API=0
30/11 09:26:25 EasyPHP Extension php_imap present=no (3) available=no API=0
30/11 09:26:25 EasyPHP Extension php_interbase present=no (3) available=no API=0
30/11 09:26:25 EasyPHP Extension php_ldap present=no (3) available=no API=0
30/11 09:26:25 EasyPHP Extension php_mbstring present=no (3) available=no API=0
30/11 09:26:25 EasyPHP Extension php_exif present=no (3) available=no API=0
30/11 09:26:25 EasyPHP Extension php_mysql present=no (3) available=no API=0
30/11 09:26:25 EasyPHP Extension php_mysqli present=no (3) available=no API=0
30/11 09:26:25 EasyPHP Extension php_oci8 present=no (3) available=no API=0
30/11 09:26:25 EasyPHP Extension php_oci8_11g present=no (3) available=no API=0
30/11 09:26:25 EasyPHP Extension php_openssl present=no (3) available=no API=0
30/11 09:26:25 EasyPHP Extension php_pdo_firebird present=no (3) available=no API=0
30/11 09:26:25 EasyPHP Extension php_pdo_mysql present=no (3) available=no API=0
30/11 09:26:25 EasyPHP Extension php_pdo_oci present=no (3) available=no API=0
30/11 09:26:25 EasyPHP Extension php_pdo_odbc present=no (3) available=no API=0
30/11 09:26:25 EasyPHP Extension php_pdo_pgsql present=no (3) available=no API=0
30/11 09:26:25 EasyPHP Extension php_pdo_sqlite present=no (3) available=no API=0
30/11 09:26:25 EasyPHP Extension php_pgsql present=no (3) available=no API=0
30/11 09:26:25 EasyPHP Extension php_pspell present=no (3) available=no API=0
30/11 09:26:25 EasyPHP Extension php_shmop present=no (3) available=no API=0
30/11 09:26:25 EasyPHP Extension php_snmp present=no (3) available=no API=0
30/11 09:26:25 EasyPHP Extension php_soap present=no (3) available=no API=0
30/11 09:26:25 EasyPHP Extension php_sockets present=no (3) available=no API=0
30/11 09:26:25 EasyPHP Extension php_sqlite present=no (3) available=no API=0
30/11 09:26:25 EasyPHP Extension php_sqlite3 present=no (3) available=no API=0
30/11 09:26:25 EasyPHP Extension php_sybase_ct present=no (3) available=no API=0
30/11 09:26:25 EasyPHP Extension php_tidy present=no (3) available=no API=0
30/11 09:26:25 EasyPHP Extension php_xmlrpc present=no (3) available=no API=0
30/11 09:26:25 EasyPHP Extension php_xsl present=no (3) available=no API=0
30/11 09:26:25 EasyPHP Extension php_yaz present=no (3) available=no API=0
30/11 09:27:02 EasyPHP Apache  Le fichier de configuration a été modifié
30/11 09:27:20 EasyPHP EasyPHP Arret des serveurs
30/11 09:27:20 EasyPHP MySqlSutdown event = MySQLShutdown19008
30/11 09:27:20 EasyPHP End EasyPHP...
30/11 09:27:31 EasyPHP EasyPHP Removable drive: Regenerate conf files...
30/11 09:27:31 EasyPHP EasyPHP Démarrage des serveurs
30/11 09:27:32 EasyPHP Apache CreateProcess "E:\Saucisse\EasyPHP\Apache\bin\apache.exe"
30/11 09:27:32 EasyPHP CreateProcess "E:\Saucisse\EasyPHP\MySql\bin\mysqld.exe --defaults-file="E:\Saucisse\EasyPHP\MySql\my.ini" --language=french"
30/11 09:27:37 EasyPHP EasyPHP &Vérifier la version
30/11 12:14:35 EasyPHP MySql   MySql s'est terminé de façon inattendue !
30/11 12:14:36 EasyPHP Apache  Apache s'est terminé de façon inattendue !
30/11 12:14:51 EasyPHP EasyPHP Arret des serveurs
30/11 12:14:51 EasyPHP End EasyPHP...
30/11 14:05:07 EasyPHP EasyPHP Removable drive: Regenerate conf files...
30/11 14:05:07 EasyPHP EasyPHP Démarrage des serveurs
30/11 14:05:08 EasyPHP Apache CreateProcess "E:\Saucisse\EasyPHP\Apache\bin\apache.exe"
30/11 14:05:08 EasyPHP CreateProcess "E:\Saucisse\EasyPHP\MySql\bin\mysqld.exe --defaults-file="E:\Saucisse\EasyPHP\MySql\my.ini" --language=french"
30/11 14:05:12 EasyPHP EasyPHP Redemarrage des serveurs
30/11 14:05:12 EasyPHP Apache restart event: ap5132_restart
30/11 14:05:12 EasyPHP MySqlSutdown event = MySQLShutdown2128
30/11 14:05:13 EasyPHP CreateProcess "E:\Saucisse\EasyPHP\MySql\bin\mysqld.exe --defaults-file="E:\Saucisse\EasyPHP\MySql\my.ini" --language=french"
30/11 14:05:13 EasyPHP EasyPHP &Vérifier la version
02/12 07:07:02 EasyPHP EasyPHP Removable drive: Regenerate conf files...
02/12 07:07:02 EasyPHP EasyPHP Démarrage des serveurs
02/12 07:07:04 EasyPHP Apache CreateProcess "E:\Saucisse\EasyPHP\Apache\bin\apache.exe"
02/12 07:07:04 EasyPHP CreateProcess "E:\Saucisse\EasyPHP\MySql\bin\mysqld.exe --defaults-file="E:\Saucisse\EasyPHP\MySql\my.ini" --language=french"
02/12 07:07:09 EasyPHP EasyPHP &Vérifier la version
02/12 09:16:54 EasyPHP EasyPHP Removable drive: Regenerate conf files...
02/12 09:16:54 EasyPHP EasyPHP Démarrage des serveurs
02/12 09:16:55 EasyPHP Apache2.2 ServerBase::Start ScanProcess -> 4016
02/12 09:16:55 EasyPHP CreateProcess "E:\Saucisse\EasyPHP\MySql\bin\mysqld.exe --defaults-file="E:\Saucisse\EasyPHP\MySql\my.ini" --language=french"
02/12 09:17:00 EasyPHP EasyPHP &Vérifier la version
02/12 09:26:52 EasyPHP EasyPHP Removable drive: Regenerate conf files...
02/12 09:26:52 EasyPHP EasyPHP Démarrage des serveurs
02/12 09:26:54 EasyPHP Apache2.2 ServerBase::Start ScanProcess -> 4016
02/12 09:26:54 EasyPHP CreateProcess "E:\Saucisse\EasyPHP\MySql\bin\mysqld.exe --defaults-file="E:\Saucisse\EasyPHP\MySql\my.ini" --language=french"
02/12 09:26:59 EasyPHP EasyPHP &Vérifier la version
05/12 14:32:03 EasyPHP EasyPHP Removable drive: Regenerate conf files...
05/12 14:32:03 EasyPHP EasyPHP Démarrage des serveurs
05/12 14:32:04 EasyPHP Apache CreateProcess "J:\Saucisse\EasyPHP\Apache\bin\apache.exe"
05/12 14:32:04 EasyPHP CreateProcess "J:\Saucisse\EasyPHP\MySql\bin\mysqld.exe --defaults-file="J:\Saucisse\EasyPHP\MySql\my.ini" --language=french"
05/12 14:32:09 EasyPHP EasyPHP &Vérifier la version
10/11 14:57:38 EasyPHP EasyPHP Removable drive: Regenerate conf files...
10/11 14:57:38 EasyPHP EasyPHP Démarrage des serveurs
10/11 14:57:40 EasyPHP Apache CreateProcess "J:\Saucisse\EasyPHP\Apache\bin\apache.exe"
10/11 14:57:40 EasyPHP MySql   Le port d'MySQL (3306) est occupé par "" (eds-dbserver.exe) !
10/11 14:57:51 EasyPHP EasyPHP &Vérifier la version
10/11 14:57:53 EasyPHP EasyPHP Arret des serveurs
10/11 14:57:53 EasyPHP Apache stop event: ap29472_shutdown
10/11 14:57:54 EasyPHP End EasyPHP...
10/11 14:57:59 EasyPHP EasyPHP Removable drive: Regenerate conf files...
10/11 14:57:59 EasyPHP EasyPHP Démarrage des serveurs
10/11 14:58:00 EasyPHP Apache CreateProcess "J:\Saucisse\EasyPHP\Apache\bin\apache.exe"
10/11 14:58:00 EasyPHP CreateProcess "J:\Saucisse\EasyPHP\MySql\bin\mysqld.exe --defaults-file="J:\Saucisse\EasyPHP\MySql\my.ini" --language=french"
10/11 14:58:05 EasyPHP EasyPHP &Vérifier la version
10/11 14:58:49 EasyPHP EasyPHP Arret des serveurs
10/11 14:58:49 EasyPHP Apache stop event: ap21772_shutdown
10/11 14:58:50 EasyPHP MySqlSutdown event = MySQLShutdown25016
10/11 14:58:50 EasyPHP End EasyPHP...
10/11 15:12:25 EasyPHP EasyPHP Démarrage des serveurs
10/11 15:12:26 EasyPHP Apache CreateProcess "C:\Users\theke\Downloads\DEVWEB~1\BDD\Apache\bin\apache.exe"
10/11 15:12:26 EasyPHP CreateProcess "C:\Users\theke\Downloads\DEVWEB~1\BDD\MySql\bin\mysqld.exe --defaults-file="C:\Users\theke\Downloads\DEVWEB~1\BDD\MySql\my.ini" --language=french"
10/11 15:12:31 EasyPHP EasyPHP &Vérifier la version
10/11 15:25:30 EasyPHP EasyPHP Arret des serveurs
10/11 15:25:30 EasyPHP Apache stop event: ap23156_shutdown
10/11 15:25:31 EasyPHP MySqlSutdown event = MySQLShutdown26052
10/11 15:25:31 EasyPHP End EasyPHP...
